0	234.834	11.1845	139.092	36.852	2.79536
0.814034	62.9629	6.06455	87.3357	1.70548	3.72456
26.658	138.617	0.582483	24.6402	5.24265	9.93849
29.0254	3.90972	0	1.02721	4.10282	6.53156
27.2276	18.8172	0.627499	2.22736	0	7.8292
0.821562	8.21877	0.63228	11.2684	0.282345	1.75441
0.269372	2.83895	4.76108	0.282067	0.802769	5.3868
9.32517	193.674	0.0694522	15.4302	31.6224	17.4523
22.0777	42.2294	0.0745087	15.2992	1.85809	3.80272
14.4932	38.2488	2.53652	0.507326	0.0310475	8.14046
0.413527	17.3421	1.27753	10.279	0.342373	2.54786
5.18309	4.78178	0.140669	18.3337	3.43868	0.902476
0.123237	16.7081	0	13.1506	9.76052	0.430918
0.872639	0.261799	0.0267333	11.7394	0.23064	0.446898
3.26646	3.33081	2.43101	12.1608	0	2.4656
4.96462	4.30223	6.2021	0.0495774	6.32398	9.07745
9.48635	2.2747	3.78692	2.13142	16.7201	4.09899
24.2632	45.3711	0.260801	19.2795	3.94309	3.58188
10.5014	14.9644	7.7173	0.0379549	5.23214	9.98542
7.23972	0	11.1346	8.22411	5.84985	3.22864
6.57499	17.4033	2.84314	2.28657	0.527262	3.39722
0	0.21143	16.1202	1.68207	8.44581	11.6643
7.63691	3.54703	2.27669	16.4771	0.755773	1.33878
2.39634	40.3569	0.269194	43.8141	7.88657	0.930937
8.59562	4.81002	3.35189	2.66047	8.39501	2.60429
0.0995887	40.3385	6.5024	20.3002	23.0789	8.18704
27.4235	32.5502	0.335416	6.2396	3.16515	4.23763
1.83081	19.1803	6.41131	1.30164	11.3327	3.11705
10.1607	19.1691	0.66101	0.468773	0.142703	5.16292
24.8021	14.847	0.0742523	7.44634	9.7138	3.77595
1.00086	3.53596	4.80326	13.1658	1.5628	7.13964
20.3747	3.704	3.34061	6.58869	38.9676	4.7593
1.57162	48.5566	0.0468574	12.6336	1.13221	2.30802
1.29569	57.4871	0.968611	35.0844	10.7449	5.37803
3.54498	23.7202	0.820718	10.0111	0.0998617	4.88972
8.30608	0.0134017	0.061843	10.6254	2.65002	0.644945
5.70441	7.51853	1.58558	15.1997	9.94149	4.19521
0.0227322	5.47623	0.0712768	7.02003	3.35487	1.46109
3.83036	10.6667	0.4229	0.265827	0.0522914	1.52071
0.0817005	41.547	2.876	39.0452	4.21507	7.27711
17.0955	20.2312	0.538502	0.293037	0.0314444	3.71763
1.60848	1.52128	3.25261	5.02167	5.96214	1.84933
14.7979	130.071	0.160487	1.44447	27.0655	21.8499
0	1.10881	1.54061	0.589592	2.48452	0.65732
0.0241625	3.33655	1.77138	5.4981	11.4179	0.840204
1.45976	15.2538	0.996181	24.9159	83.1586	6.00723
0.0107738	3.69348	0.196344	30.5685	10.4162	8.0683
0.617007	30.3846	0.702061	20.0516	4.48811	3.0485
2.24475	0.287462	1.30804	0.479876	3.45921	6.65854
1.21054	4.66356	1.79679	0	6.18329	5.2285
0.931062	0.238396	5.27191	1.77654	1.99256	7.48351
3.38354	3.44463	2.93819	16.8234	1.50961	15.111
6.11273	0.927057	1.68281	0.358339	48.0083	1.95587
24.7238	0.053835	1.71861	10.2091	41.0323	0.0237979
0.510649	5.58374	3.21638	8.42556	13.9982	0.73924
5.65531	9.06533	1.34278	15.2457	36.9768	6.7178
10.2393	6.4885	0.346612	2.10734	15.5873	2.81314
0.875079	4.33343	0.25341	2.20098	14.1926	5.68255
38.2617	3.02049	1.1218	2.01858	46.2791	0.0541175
3.0589	11.067	0.33808	1.705	14.8271	5.64437
13.5437	1.35444	2.17545	4.10733	22.7659	0.0371331
10.9375	0.299519	2.07481	0.253534	2.18816	5.51265
2.24918	6.4528	1.04421	0.0501277	8.68922	3.84379
8.12358	3.44509	0.490068	6.92885	8.85668	1.97881
0.0742371	9.71963	0.338094	7.50666	34.9531	4.67859
18.9012	18.1543	8.73863	11.7767	0.472976	7.17736
5.14233	0.0557286	0.116871	8.3366	4.41809	0.661139
29.804	4.03589	0	32.6105	27.0071	0.184084
3.75495	0.0997087	2.76214	7.13746	0.462644	2.6563
1.64655	5.18304	3.94606	27.0893	6.06578	7.20767
5.59935	0.0650614	0.69264	1.29658	6.29098	1.1951
6.26919	5.90891	0.384299	0.436763	0.652826	0.869147
3.14389	5.21235	0.496836	0.734192	18.5496	1.41216
4.32922	1.51646	0.159269	1.77344	3.78808	0.88534
68.5525	4.34839	0.333073	53.0757	41.8903	0.897507
4.34845	9.37347	0	9.52133	0.460155	2.33044
0.154877	1.89935	2.52124	9.92212	5.25606	2.22052
13.527	38.6878	0.911894	4.2924	0.204602	8.62043
38.5176	52.2778	2.31978	108.91	27.1371	0.451306
6.07235	52.5596	3.73804	46.8723	3.94584	1.02162
36.1015	0.021993	5.37564	12.4828	5.09481	0.959018
28.988	9.695	2.00722	78.5019	5.30689	1.16761
6.17055	10.7693	4.696	18.3624	14.6082	1.28744
10.6778	0.478711	0.0268545	10.9066	9.08272	0.218206
11.9497	6.04195	2.00909	29.031	1.67664	0.641889
3.18741	30.4374	1.68752	68.4912	0.00158944	0.581463
98.7055	7.57181	0.300968	40.2774	83.1513	0.0909271
92.1472	0	1.3048	41.7001	40.0514	1.89904
39.4169	17.892	1.92813	69.079	17.3481	0.0991876
8.84589	34.8942	6.7499	0.928234	0.192311	7.52631
4.04068	64.3067	6.40886	81.8577	29.3044	1.53285
21.3147	5.68821	1.06793	47.5648	4.28026	0.000363889
7.18797	8.34341	11.7932	10.5469	0.452336	6.20637
17.7399	0	2.48521	35.2494	0.0872954	0.00641415
9.68235	8.22914	0.924862	1.44637	0.0626587	1.40743
0.809733	10.9604	2.40518	28.7282	0.245342	0.575702
0	4.49586	14.07	1.90964	6.10253	5.59845
0.129673	1.77195	8.61861	15.3508	16.5101	3.16682
74.161	1.93065	7.16838	36.3049	3.68615	0.249078
3.5196	9.1134	5.58849	3.27704	1.04717	4.8616
20.5284	0.000256037	13.9442	4.24264	0.00576804	2.68468
29.7926	0.882799	4.37833	53.2363	0.0483323	0.0636248
38.5163	7.80067	1.98691	65.1648	8.83319	0.215396
13.5169	0.0591671	4.08477	28.5654	1.1365	0.0084359
18.2747	0.141079	1.07228	19.4342	2.53615	0.0298679
13.0612	0.120104	13.408	15.5113	3.67708	0.285517
2.44728	0.808598	0.452648	19.7991	13.0669	0.544517
4.02156	0.532754	6.53023	46.697	14.9317	0.0166307
12.695	14.2716	1.65018	15.1654	14.455	3.19858
0.292586	11.2501	5.38175	0.0514064	13.6077	2.5859
10.9049	1.82356	4.28286	44.9941	2.18935	0.0888156
32.7387	24.4921	0.965244	2.55452	1.44343	0.0106191
2.95486	5.68473	11.2795	5.64531	20.3715	5.43551
14.4383	3.11343	0.40047	17.356	0.258056	0.1051
8.11222	0.023044	3.04016	21.6478	1.69548	0.686883
83.5509	0.24291	0.436331	29.5404	46.855	1.69172
17.4825	1.35989	3.69204	9.6426	0.00860616	0.973665
55.1079	7.06082	0	20.0721	18.19	1.06618
25.5798	22.8271	0	1.2487	18.0039	0.00514673
1.71331	0.354785	5.01928	0	14.7496	6.67424
6.53537	0.246869	0.27573	31.5717	0.0156531	0.0617008
32.423	0.448235	3.52166	22.1272	1.33011	0.0775328
6.35649	1.23873	3.03096	45.9319	3.89252	0
0.455511	22.6887	1.16935	67.1372	1.04849	0.0326015
115.837	0.001268	0.734577	34.5421	74.0785	2.56749
4.16878	0.216322	0.687573	0.141722	7.22787	3.68392
58.6689	0	3.5535	44.7768	10.8822	1.59871
143.555	1.64825	0.706976	6.17698	181.485	2.05431
55.491	8.66572	0.808276	15.5365	72.2655	0.000216774
0.0696211	14.255	4.10561	55.8933	3.42207	8.35849
17.0608	0.0518855	1.26594	27.0214	0.333551	0
97.3572	2.04837	3.96967	0.665178	188.188	1.17642
6.42741	5.32156	2.56686	4.92982	2.02239	5.11951
112.121	0.375297	0.0322949	30.4019	95.5493	1.73464
12.1471	16.5752	1.92486	0.114855	14.9284	0.0497325
47.0437	0.197778	0.68563	4.55275	79.1144	0.0133688
92.7978	4.37231	0.0498898	29.1324	99.9584	0.742983
0	22.033	1.33867	25.6972	0	2.29636
21.567	0.0903087	0.125322	3.7089	20.3919	0.246946
99.9063	29.9129	0.337882	39.4576	180.471	0.28563
11.1848	16.6569	0.137888	0.225351	72.9001	1.34952
74.7182	7.168	9.82664	7.75555	4.24505	0.775056
141.401	2.57629	1.54313	47.4845	94.7866	1.93956
92.1426	2.33282	0.179746	16.6709	75.477	1.67241
24.81	0.379259	2.84893	16.2944	3.74995	0.0952935
75.1396	7.97345	6.09132	4.24421	20.4019	0.064672
78.6684	4.73717	1.93292	12.1453	22.8166	0
2.35334	1.74002	7.21528	5.97269	0.400139	9.34155
56.2842	1.50052	5.61891	50.5863	8.6625	0.531056
23.9272	5.56743	0.00865365	41.129	20.8948	0.617473
82.542	7.28883	0.953201	59.8783	57.2238	2.19152
32.6785	6.13336	1.19865	63.8227	7.56979	0.406219
67.6025	22.5099	0	65.9825	75.4199	0.606581
60.3129	0	0.0290703	23.3792	44.2238	0.31021
0.495598	0.766752	8.1045	8.16606	14.0824	0.633353
22.0982	2.76809	0.0434917	12.56	5.77368	0.0169457
3.62198	7.56182	3.42025	24.738	17.0156	1.28078
0.149351	32.2123	0.334903	36.1705	2.86439	0.660254
0	123.496	9.94184	2.37895	13.2758	0
0.797149	34.4574	16.5398	0.0862216	0.74917	0.595292
2.89509	13.9846	13.3289	0.726131	0	0.0847706
1.51787	58.3588	17.488	1.12418	0.119866	0.00926405
50.4279	6.18092	0.302959	0.405831	17.8405	5.69799
25.112	2.97645	3.62383	0.00422001	13.1463	3.10069
33.4015	74.3436	4.55847	0.0674228	14.6202	20.1106
3.81333	12.1437	6.92206	1.29553	0.806452	4.70688
0.209571	16.8311	17.2369	17.9843	0.881238	0.634716
3.69324	48.204	7.24932	0.193445	15.5638	0.0341642
0.0845263	71.53	2.6118	3.7064	10.1452	0.689845
16.2529	29.4101	1.0163	7.18141	3.38697	6.43034
3.76113	0.0731614	20.1763	29.1541	0.0325804	0.307317
25.6757	8.15119	7.34399	8.24739	30.7328	0.126766
8.06783	7.90267	2.73147	6.91084	20.4737	0.653011
0.581221	50.0856	15.6857	1.70691	0.290718	0.069414
0.310379	57.2517	9.77641	1.50122	2.20673	0.339327
16.7694	9.03679	3.37359	0	14.0504	1.92321
2.04573	35.4198	26.5182	4.83658	4.10062	0.495958
2.97088	67.9223	33.3177	1.17007	3.87506	0.843205
0.433593	90.7131	1.2401	6.38347	24.425	1.38111
0	74.0757	12.764	0.0916709	5.48996	0.0188048
72.0853	20.0871	1.115	4.57062	51.144	8.16416
8.00069	109.074	0.337012	27.8869	39.8769	2.7722
4.61466	58.4739	8.49627	72.0928	37.5708	1.50929
42.1539	4.01097	1.82553	0.0341328	8.76465	6.65838
13.3263	0.51898	1.97213	10.4283	22.7567	2.27558
2.93787	47.6276	10.4678	2.02497	17.8907	0.0742284
0.336654	63.5317	10.1245	0.112912	6.97641	0.0509835
34.1184	0.499942	0.909368	1.18004	13.0986	3.99253
15.483	5.23157	3.75201	1.6373	15.5984	1.6726
6.4334	8.86303	12.4429	8.65866	4.02845	0
3.18283	29.3996	15.1607	4.90583	3.50635	0.579554
1.84752	88.4176	25.1525	3.16617	0.64518	1.40919
0.0183328	63.9359	1.95571	1.56086	14.2167	1.75642
11.2161	14.993	1.62261	0.312052	19.7416	3.55822
3.74073	132.669	1.69031	6.09568	15.8073	0.806488
27.1317	5.02098	5.4519	19.6608	8.65199	0.697858
1.5706	32.0356	0.454508	0	20.6729	1.2286
25.0873	6.85504	0.186824	0.806043	45.9562	5.93505
2.51529	25.8799	11.8384	0.773573	1.02839	0.0517789
0.0124603	59.7468	18.7143	7.13148	3.68479	1.55051
10.2541	27.0881	2.99282	0.393807	24.4537	0.243017
5.8431	38.4134	1.25959	19.0811	30.418	8.381
0.267228	66.8938	15.3811	1.27159	5.5325	0.50143
0.565774	59.7394	0.937873	0.198272	26.3622	0.741393
0	133.905	9.02729	4.19752	13.9761	0
4.92881	43.9298	12.6722	0.401696	9.40002	0
15.4159	8.45807	4.41988	13.0012	32.3143	0.0552142
6.51698	102.137	1.59308	23.9447	28.7568	2.66244
5.05018	57.9704	0.00304442	16.934	26.833	4.73588
7.13377	15.0909	7.7206	9.98877	17.6127	0.0175123
3.65289	69.4868	9.82183	0.00606019	8.87626	1.91391
4.98815	63.3094	1.46768	8.59093	24.087	2.8281
0.0520625	41.3825	12.1774	4.16417	3.02504	0.369634
0.393464	87.9609	17.4127	0.247035	2.55406	0.421564
0.0416509	111.227	4.17385	26.8635	2.85981	1.86415
0.722805	51.4721	27.0396	4.91638	0.337687	1.08807
9.80474	21.73	10.4015	5.27277	16.2071	0.00168568
14.3992	25.1802	0.526019	9.67626	20.0947	5.33734
31.7304	3.68188	3.33639	0	17.2164	1.77078
6.00134	60.3173	1.29869	16.8887	19.4057	5.03571
1.08564	95.2204	10.085	2.75362	1.50054	0.0243257
55.0613	13.0892	1.38155	7.34144	21.4502	4.81403
0.700289	52.2839	21.0088	4.15815	0.042643	1.40624
15.9618	26.4878	0.0827643	9.61729	29.5524	6.3548
0.409568	73.6262	17.1271	0.24095	0.913412	0.242417
0.890154	67.0114	13.4673	2.32678	10.4079	0.866792
13.0711	34.0901	10.5921	0	12.6339	0.0558581
0.197372	40.9964	19.0649	2.01384	2.5318	0.0453077
1.00364	113.626	6.0771	8.80606	5.76638	0.831426
0.819502	16.8419	1.08097	7.46509	0.0912995	3.29138
0.073371	58.4645	2.47204	11.3214	3.42918	2.737
20.412	8.04136	2.66865	10.5573	3.84817	5.63787
0.34833	83.3345	0.165442	21.9793	13.3613	2.99163
2.21161	65.9276	0.636716	5.92885	27.681	2.56427
5.07387	16.0146	5.3921	0.261037	4.78506	2.10947
0.469915	81.2248	25.3577	2.87879	1.58635	0
0	75.1027	38.6377	22.8095	29.4823	0.0435154
4.32787	27.2276	1.76439	9.08948	6.09108	5.12889
1.97784	57.1763	19.7744	1.73887	0.00917868	0.0824816
16.7729	15.1102	12.4312	28.3539	4.19388	3.065
0.361025	68.6266	21.0568	3.75191	1.7793	0.118313
0.377169	27.0094	16.609	1.22766	2.03675	0.670952
2.00702	23.141	16.3951	4.26757	2.45019	0.0232695
1.09541	73.2681	7.38132	5.47626	6.03716	0.59943
4.32898	48.1902	4.35057	4.38365	9.20277	0.869946
32.4057	7.22299	1.20162	2.12485	25.7529	4.4981
3.04752	105.276	21.2503	0.650028	0.00163039	0.0869002
4.21303	9.73745	64.97	2.79018	85.4843	0.865695
8.50356	53.709	6.69539	0.455075	0.115069	0.475279
0.489473	15.1747	28.4295	15.6471	0.0994859	0.332248
3.76961	12.6343	2.42921	8.82739	23.2844	0.655513
0.466527	44.513	15.7424	0.297366	0.74032	0.304833
25.3483	208.283	1.25774	13.4581	5.01397	0.104773
0.850906	30.3701	9.68109	2.71403	7.70345	0.0802883
0.731498	55.7902	18.3577	0.455867	1.56667	0.337388
0	71.575	2.25455	8.0017	5.06408	0.877067
0.00649382	49.3248	14.9268	0.0235187	0	0.214651
17.2089	13.2846	0.021958	0.520294	35.8151	3.60896
15.089	18.217	0.0310569	43.0877	0.757507	5.22151
0	48.5505	0.408546	8.05719	2.71316	1.04497
0.116048	203.973	0.149236	52.2345	35.6249	2.74879
19.1528	7.6696	3.47512	2.55635	22.7982	0.595965
3.04763	67.7539	13.0436	0.0506856	10.479	0.0060922
8.12909	40.7295	4.23071	2.77375	12.6196	0.793265
30.9072	1.76294	3.63783	8.93138	15.8115	2.48658
1.24488	10.0793	15.4383	0	6.74167	0.000620563
0.352602	65.0039	21.7032	1.06588	0.00447233	0.00453008
9.17076	49.3983	8.30702	0.19008	25.8986	0.110493
2.05468	28.9913	5.04461	4.35538	19.8247	0.454196
28.0938	2.46012	0.51142	1.63532	35.9381	2.11248
6.55573	2.8498	18.6083	20.8211	2.27021	0.00199694
39.2529	0.118018	1.73683	6.56177	36.9708	3.21984
23.9371	8.87736	2.09476	0.988009	20.9911	4.1538
10.8167	38.9886	9.06837	0.102834	16.0141	0.411455
12.7757	31.1769	12.1925	0.0786784	8.51371	0.157861
46.6675	7.60705	0.0685061	7.79272	9.27514	47.8373
35.6947	11.664	0.946242	7.14708	12.5385	43.2317
54.7376	0.31545	2.36267	1.44488	46.8467	68.0783
95.8512	9.0842	0.136982	0.92728	1.20016	41.0469
45.8309	29.7032	1.51731	0.437648	79.1155	46.1232
45.9561	6.79118	0.106071	0.057051	21.832	35.1285
139.075	12.9704	4.01753	2.23876	13.7934	26.9499
26.6575	42.2826	2.89447	1.1667	124.424	39.4516
51.3243	1.17475	2.81502	0.047374	50.914	74.6306
92.5772	6.16467	0.767079	0.237532	1.20286	46.747
105.17	46.92	1.15789	4.83907	7.07347	42.5737
69.261	16.0531	0.655474	0.0830437	38.2611	51.3374
37.919	0.783892	0.395292	0.910376	15.1233	43.3393
27.2975	10.7982	1.24953	5.60784	20.4713	46.5502
24.1143	1.7242	0.799992	0.170885	53.2805	46.3569
76.4679	24.8484	0.0659514	5.47613	10.0155	44.9718
27.9002	0.110401	0.79635	1.35579	35.0714	45.2499
141.741	36.4793	4.30975	16.9829	17.8859	25.1047
30.6374	11.3719	1.43982	9.45285	27.5156	51.7099
153.046	90.8169	5.86412	14.9464	0	40.3723
55.4973	0	0.93567	0.525163	17.4806	51.588
83.6293	18.8326	0	5.44594	9.15748	54.4055
108.476	18.7197	8.53179	8.61126	32.8372	11.5499
57.2328	0.132351	0.810841	0.289738	13.1021	54.162
138.272	13.6795	3.72174	3.83793	12.4772	31.6918
70.8967	0.0215421	0	0.680526	4.37213	50.2972
71.5835	0.00136308	0.593033	0.300315	9.34843	56.2731
169.966	131.177	3.08086	53.731	2.91314	37.3197
71.3003	0.101956	0	1.32775	3.68095	46.0032
47.7802	1.07959	0.552025	0.0886758	16.0384	44.1439
82.8193	14.7537	0	4.6552	4.43575	45.0821
95.4109	11.8156	0.829941	2.19411	0.327816	28.5418
74.6992	0.22843	1.54883	0.0601071	0.379502	46.9526
41.9946	3.23709	0.175066	2.88376	7.42669	37.7167
44.6478	0.0299618	0.0771986	1.77131	19.3322	43.8212
37.0503	0.576915	9.14715	4.66034	0.243309	20.8955
105.675	7.77134	0.107711	1.13981	1.51728	54.1719
36.016	0.0784463	0.0899301	0.195584	10.4668	43.9412
59.7486	0.0254658	0.392185	0.76996	19.0803	60.294
64.4693	0.232554	0	0	6.23542	53.8498
45.7093	45.5303	2.79663	22.8758	5.2638	30.5254
59.2356	0	1.23873	1.06483	25.8658	63.0246
26.3979	23.656	0.9202	16.7602	3.3781	36.7639
65.7308	2.68992	0.160375	0.0376911	19.5004	57.5609
77.1851	3.01344	1.04033	0	19.8882	60.0409
53.1151	3.53351	0.644953	1.56939	0.263964	42.4987
78.8604	0.205365	0.0127679	0.946852	0.0220522	30.8413
52.333	12.5471	4.48562	9.44948	3.04002	29.5583
93.825	3.46971	0.0237484	0.108505	3.69274	42.3235
58.9258	1.27737	0.109394	2.77779	8.94778	50.4064
66.1036	0.0166964	0.97753	0.398301	15.6852	58.602
107.527	4.376	0.090533	0.364812	2.08493	53.0837
56.4332	5.1535	0.0729099	0	20.6027	54.3685
32.0916	1.09693	1.45371	3.71534	43.6022	55.4913
61.7946	0.554491	2.35815	0.8765	0.390059	31.4142
93.7486	69.0666	0.0637055	16.9302	11.1078	38.0902
59.8638	4.95961	0.0689258	1.07728	0.00470481	35.6931
82.2692	16.7057	0.00285668	5.57445	4.03149	42.9521
59.4098	1.57744	0.357361	0.07771	26.4859	65.0067
55.0585	10.624	0.289934	0.34227	33.9295	52.5048
71.9678	24.5604	3.00926	14.1229	7.016	38.6078
60.8389	2.011	0.456949	0	16.3221	48.702
75.3371	0.442735	0.0375145	0.852896	2.11503	54.3692
78.3432	0.0622046	0.410377	1.3983	3.12182	38.994
93.7594	45.2154	0.138474	3.70665	31.1285	53.1781
50.4881	3.56647	0.0315255	3.25283	34.8963	46.1664
113.016	58.4863	2.87332	7.06348	0.3387	25.7382
46.9853	9.05329	0.0312826	9.8597	4.28168	39.7815
40.3629	10.0104	1.81971	11.1619	0.925134	34.3402
58.0973	1.07697	0.599969	5.72582	0	19.3643
53.3341	0	4.72451	14.2318	63.7488	43.239
13.7545	21.7497	1.51508	20.7656	41.6822	40.3004
40.3106	35.3489	11.4966	50.3252	50.8699	38.8616
64.3632	0.265972	6.39824	13.0742	48.7883	43.1914
15.2096	36.8647	1.36924	36.4427	36.3907	37.5631
48.7397	3.31655	0.564815	5.52773	14.8993	46.85
43.7088	5.59194	1.0696	11.5002	30.5714	55.4345
39.1437	0.120996	0.228166	0.205154	15.4357	37.9026
30.003	1.18794	7.20124	8.68313	124.601	50.6906
22.0874	4.19631	0.00918532	15.1821	42.0401	42.9428
34.8126	6.75139	5.37687	25.2123	69.9479	45.8554
28.4819	8.82119	0.162556	20.408	25.5692	33.2015
59.2444	0.864989	1.38081	14.6878	63.7874	49.1443
32.5726	3.87777	4.63464	9.5857	0.25965	20.4803
53.0686	8.80032	0.0275152	1.33887	33.6672	35.9498
35.5355	2.73892	3.09675	8.37177	58.486	62.5234
55.9331	3.50039	2.70582	0.337547	2.10776	28.7861
33.0812	0.756235	0.544033	2.18078	23.3359	41.8399
61.4066	0.0271866	0.782626	0.621482	1.98172	42.2103
50.8291	1.93961	2.44914	8.28571	2.64667	37.862
31.4103	8.47984	0.144746	12.5733	14.569	41.8714
13.036	62.2931	6.07614	56.2412	0.17406	18.2556
94.9438	1.14769	1.43142	2.55944	3.16551	55.6193
59.3521	0.0649435	0.308594	1.72615	8.22411	47.4789
48.8655	0.142482	1.19968	4.00022	28.5511	46.6378
29.3655	9.12516	0.542546	6.4851	15.2893	40.0918
98.6646	25.4	0.692832	2.41627	25.7504	62.3725
65.1431	7.20398	1.15267	0.185816	36.253	50.6637
64.3047	3.24522	0.368711	6.05985	9.01581	49.7604
80.3045	6.39527	0.197668	0.264144	13.8764	55.7319
114.97	12.9678	0.00601682	3.36782	0.0635886	41.6574
113.105	11.1853	8.69511	4.05188	21.4939	23.5343
48.3357	0	0.512278	0.539743	12.8693	39.8163
90.7228	2.86674	0	0.149943	2.83062	51.0341
50.1114	4.59645	0.94553	0.113709	29.7382	48.3496
24.7673	18.6701	0.853698	2.88416	0.04983	31.5573
68.3836	1.02511	1.85501	0.116818	1.95548	38.4528
32.3103	6.45068	0.0670791	2.87612	4.39476	37.8688
44.7899	0.0399518	2.67299	0.258028	1.13761	36.1505
71.77	1.23566	0.161988	0.224919	1.02815	45.4152
44.2963	8.50649	0.273396	1.43062	0.0158713	37.0845
60.4969	2.01922	0	0.868002	1.10358	43.5632
34.8784	14.0719	7.45175	4.02527	5.31946	29.7357
71.1103	1.9473	7.77744	0.0577646	24.6566	22.1693
54.5831	5.21716	1.36129	0	5.28911	34.064
41.687	0.317774	0.415076	1.79195	4.05695	31.0008
44.3755	4.70734	1.74635	0.405944	0.552993	37.3054
51.6112	0.684238	0.00192156	0	2.58863	47.866
49.4526	1.65105	0.121883	4.53023	15.8662	50.5533
42.3128	9.96295	1.67927	2.63421	0.0290584	47.0753
71.8589	0.22293	0.164342	0.0744246	0.500875	50.3921
54.847	5.46157	0.754872	0.0151867	3.23658	36.0871
64.6949	6.2718	0.00481214	2.05867	0.0272301	42.1504
37.5734	23.0244	4.60293	4.09669	11.4391	25.0033
55.6886	3.07728	5.35567	1.29926	13.7029	39.9151
49.0019	3.05607	0.0369466	0.390784	2.05927	49.7954
70.7045	1.63755	0.636008	0.4077	5.54324	36.2492
41.7633	1.85503	0.312017	0.115352	1.0328	40.2548
45.4317	8.23373	8.21717	0.113906	31.0653	14.7122
60.0452	8.09353	2.37944	0.334576	13.6962	26.4838
49.394	0.156125	0.037198	1.47381	23.2198	54.1712
43.8157	3.71215	0.203591	0.508059	0.0753545	33.818
61.5163	11.0644	0.0803743	3.23091	21.8511	63.4168
41.5513	0.182948	1.36718	0.151144	3.33255	45.828
75.5119	0.44412	0.65642	0.93169	3.11127	44.3376
48.7779	6.40774	0.705185	3.68054	9.38171	50.4759
49.9697	3.1376	0	0.566254	2.76648	49.7782
42.8553	0.0177829	1.41359	0.00803388	2.01791	43.549
40.5762	0.0297256	0.274723	1.14973	1.31046	42.3525
36.6894	0.619246	0	0.411468	12.53	49.405
51.725	0.0261746	0.0333409	0.547533	15.5729	59.1985
53.6767	6.41867	0.414981	0.0042628	0.567429	49.6993
43.0499	19.5158	5.87582	9.84015	6.32605	26.4025
46.8066	1.41561	0.258457	0	0.653886	43.9018
52.6342	4.70139	0.0178733	2.52495	1.26379	40.4679
19.8154	19.4462	0.638467	5.33618	0.798649	30.5952
96.4197	0.0746152	0.541215	1.10979	2.97434	47.7526
35.409	17.8268	0.663378	2.57722	0.646814	35.0118
60.9749	2.31087	0.838697	0	1.22531	41.3712
34.9841	3.03657	0	1.80271	7.39218	39.7165
47.2239	4.6046	0.331812	0.0310452	0	50.2188
30.3527	28.7084	1.44578	22.1826	0.250084	17.3736
43.8524	24.7969	3.84557	6.54625	5.70726	36.4818
60.8	1.91111	0.580141	0.379159	0.385426	35.9286
51.1366	0.265534	0.323797	0	7.17805	51.7996
36.6364	3.19914	0.896351	0.565101	0.939172	39.8213
60.601	2.75996	0.155588	0.276318	0.302825	51.6284
55.3011	4.19777	0.636539	0.0341542	0.432469	45.8932
30.1287	55.6628	7.23995	19.4938	17.6492	19.8256
48.6542	2.62823	0.457297	0.133591	0.0271038	36.517
26.3509	14.3032	4.84186	4.40071	1.29235	27.2715
66.5084	1.5244	0.154017	2.12321	0.378578	38.631
69.5765	1.05516	0.659131	0.0681907	0.421732	43.5844
55.9498	9.25658	0.875316	2.67013	0.654496	40.133
58.2524	18.0168	7.02906	7.64246	13.4421	30.031
56.0316	2.71176	0.123791	0.633259	0.985509	48.7866
69.6867	1.96357	1.79605	0	3.65578	42.3042
73.3977	0.0767054	0.00375099	0.0501091	3.79497	61.2544
39.3973	1.03983	0.250463	0.0331091	4.61533	49.9474
45.653	9.81314	1.34835	6.93238	0.0290487	31.0151
44.5543	22.2796	0.354215	7.11641	0.321548	35.9839
47.5387	4.3809	0.180209	0.0281926	0.615946	32.7827
32.1457	21.0061	0.424943	6.15497	0.629172	43.127
76.0695	0.0401926	0.546419	0.0173627	0.134351	49.7949
93.1995	8.30318	1.17999	2.67749	0.955589	32.6812
34.2565	0	0.456163	0.901344	31.7307	50.6554
64.0767	0.116417	0.803825	0.00944468	0.00815847	40.3365
107.368	2.89258	0.800951	2.2059	15.1503	18.6273
46.4476	5.05836	0.148004	1.17449	4.76551	50.0222
40.8813	14.4358	2.37092	5.75534	0.42203	36.4339
75.2545	1.09852	0	0.0423693	0.304987	54.4179
35.7247	12.4285	2.62568	8.43699	0.0492964	29.0579
33.5251	7.1045	0.037437	2.11417	5.12761	40.3827
45.6735	5.75521	0.28361	1.42085	0.266179	39.5822
34.4485	1.19253	0.184292	3.61556	24.2595	46.8215
47.8405	19.0575	0.0223975	11.764	0.661353	37.7548
46.1995	14.9592	0	11.7094	0.0498507	22.6391
62.5815	9.85819	1.71649	12.0151	0.284559	33.1239
40.2562	22.7411	3.49435	29.5173	26.3819	39.0964
33.5168	6.30822	6.68918	21.4068	69.2207	44.1123
63.6352	7.25719	1.6755	5.48799	2.47431	29.2684
67.2519	0.430283	0.290609	7.94534	13.5714	41.7062
72.7067	10.7919	6.26182	16.7468	20.617	49.564
73.7791	2.31124	4.68578	14.9887	26.8583	42.1225
43.0096	11.0973	0.365317	7.7944	6.04929	39.0744
62.2508	7.9114	2.15446	14.1287	16.1875	45.8962
29.5185	11.6849	1.58265	5.62189	0.890469	16.5967
83.6249	0.798402	0.000403848	0.794853	7.76446	56.3184
28.9232	11.8418	0.678609	8.8351	9.47501	28.5626
11.3717	28.4283	0.52743	13.6035	0.716275	14.8178
48.5211	1.28635	1.03037	1.27427	10.4859	41.0546
30.8968	2.33389	1.18278	13.8239	47.0444	40.5881
43.4121	0.708597	0	8.20426	28.3458	51.8615
51.6929	0.933803	0.0726019	1.09437	1.7105	35.0432
22.7852	26.5424	0.108713	23.5064	8.37831	31.9383
48.6276	5.31387	1.06996	1.56267	0.169778	46.1975
25.5392	3.69862	4.83365	1.14855	0.241297	24.1351
40.0626	5.24476	0.00179024	0.274402	30.8159	54.6815
55.5758	0.521191	0.322081	0.674599	0.552317	34.8642
53.9129	0.134435	7.13436	1.12151	3.89527	21.2381
36.7477	4.62747	0.0884927	7.6135	12.6358	35.5268
76.3383	0.929408	3.2416	1.12576	1.65036	44.3945
26.2963	39.7034	10.4336	20.2334	6.8914	24.6124
42.1825	7.7625	0.573847	5.29077	2.9115	45.9328
64.8868	1.31322	1.36698	0.171664	1.2548	37.6152
69.5432	2.09154	4.89053	0.91172	5.90199	35.8527
46.4089	2.17446	3.56674	0.00905241	1.46945	38.7724
69.5774	2.2868	0.436445	1.04472	1.54085	49.3514
51.3469	5.59287	0.00463013	0.689732	0.152748	41.1575
38.428	37.7081	5.07914	4.47239	20.3134	28.6825
47.1514	1.74331	0	0.0228959	2.54808	51.9957
49.9671	0	0.240573	0.0668719	14.7636	55.3214
46.6277	6.17364	0.0420113	3.48569	0.616101	32.4716
35.6352	12.9588	2.73114	2.71591	0.752218	36.6815
74.8597	0.36036	0.637279	1.75787	0.114262	51.1925
40.1856	2.29249	0.00093723	0.227449	7.60117	55.8734
87.3635	0.187015	1.63517	0.00656466	6.55314	33.7548
41.6013	2.06408	4.26327	1.71378	0.101526	32.0121
45.0882	14.208	0.740942	2.16035	2.81092	30.2259
29.5371	2.72974	1.1663	5.1357	3.06802	23.9673
0	4.85891	7.75587	32.403	9.47663	0.0874331
19.1693	2.78802	0.549957	1.37609	19.9881	0.545793
28.1194	2.40663	5.21195	26.4571	0.0164855	0.738832
66.5492	0.258294	6.11159	39.6367	9.35708	1.51045
8.65812	2.22732	5.18743	2.76899	0.191734	0
33.1211	0.878203	1.80998	41.9083	2.95849	3.21338
57.9766	2.91972	2.94262	22.0198	10.0773	0.543249
11.8844	4.72975	6.37906	15.9789	6.15862	0.0172812
6.95157	1.13617	5.90743	24.6724	7.76946	0.0206717
6.43426	1.47017	4.20901	13.402	1.79659	0.147026
35.5772	5.14733	3.31134	25.7854	0.602298	1.10816
0.685202	2.42974	8.27286	5.91155	19.1699	1.45412
60.6329	12.7398	1.05108	21.2212	7.98696	1.7744
24.1705	16.5606	2.16938	24.5284	19.7934	1.18746
7.55846	4.70493	12.1669	6.2517	5.49684	0.0300195
35.9665	1.45378	21.9486	19.0586	0.0724405	1.65159
54.6599	1.20675	1.56628	38.9105	10.0182	1.99864
22.8718	8.78725	8.7288	4.9299	0.351477	0.0120624
69.4815	2.27726	1.39946	31.8043	16.1525	1.14362
4.00444	0.714866	11.4977	1.08106	5.30345	3.79996
22.7235	27.9551	19.1079	0.00889107	9.06217	0.981922
88.4159	0.649452	1.64876	36.8393	34.4616	2.83081
76.1875	1.60317	4.99217	38.644	9.36629	1.26787
0.633349	6.22514	5.77217	2.97719	7.81525	2.8806
60.7848	0.00135737	4.21522	47.0405	9.44554	1.59147
2.44605	3.98186	4.56347	13.3708	10.9649	0.00152675
24.7674	0.0353391	6.23032	38.9498	0.06135	1.46794
7.6585	5.51189	4.77105	50.2823	1.28786	0.00570055
63.6977	0.267146	2.2596	45.9553	13.1735	2.23277
13.6597	0.803586	1.56078	6.27913	8.36948	0.833873
21.7466	4.76306	2.97257	21.7057	0	0.92271
55.967	1.64775	1.33659	23.4727	47.4636	1.339
11.9707	0.193132	2.9108	40.5157	1.26901	0.0180606
60.7261	0.278508	0.849719	37.203	19.2096	1.32643
55.056	47.6881	8.32658	0.0052735	0.0743231	0.0631177
23.8952	5.92924	2.4494	15.4625	0.0599482	0.121831
2.4864	1.57324	6.3468	9.55647	8.96852	0.361977
23.4508	4.31669	1.48054	2.40145	10.2302	0.0712459
14.8111	0.499267	0.118937	4.22582	17.7243	0.263806
36.3889	3.4056	0.793721	26.923	30.684	0.55814
23.177	10.1703	1.15057	17.543	7.11895	11.8655
3.78844	3.99583	0.11672	12.056	36.8492	0.46066
0.48464	1.30045	11.4159	2.15781	11.5736	0.980078
12.0765	7.34501	9.56659	1.1545	2.81863	1.24932
9.93943	32.677	10.3001	0.11	16.2359	1.91424
12.5743	5.59724	1.1659	30.2556	8.91903	0.441592
87.129	31.3807	7.38886	2.40855	7.14318	0.122223
38.8386	27.7937	13.5013	1.15234	0.334076	0.161118
38.0207	0.506675	5.98773	47.5939	2.15535	1.00226
55.6124	0.136702	4.88921	49.6872	6.31151	1.03575
39.3114	3.19343	3.12162	16.8608	6.36202	0.961258
3.43963	30.65	11.8745	3.50478	17.0325	2.73665
39.5648	1.31312	2.0374	27.5697	7.05646	1.57016
1.90377	0.0889571	2.75407	26.8509	5.54733	0.201026
13.8462	0.722097	4.49805	11.8351	0.487463	0.212582
15.4254	0.72755	4.97788	44.5366	0.307571	0.390418
4.24858	6.65385	11.5621	0	4.76685	1.24889
17.3012	1.84335	6.40721	25.8343	2.42398	0.114761
5.35338	0.379274	5.56437	31.0702	7.26445	0.372262
57.4363	6.22857	9.77373	65.6841	8.24883	1.16711
59.3255	2.02697	5.43958	30.831	7.7035	2.1467
32.5463	0	1.96183	25.2671	6.49858	0.0910198
10.9641	12.3791	2.57412	2.75709	1.06363	0.190421
2.25038	0.752004	9.61055	0.195823	11.4895	4.32119
4.09734	36.1473	11.561	0.437613	28.0956	1.7838
36.9269	0.945787	1.01494	38.6209	5.43365	2.25735
47.4741	10.2689	9.51149	16.2684	0.0179784	0.186673
40.0996	0.867156	3.77348	31.9072	4.15898	1.68447
15.7552	15.6972	4.96621	79.9557	0.335153	0.654523
73.9671	0.494712	1.48811	40.7925	24.965	3.05429
1.84545	14.5611	2.64371	31.2947	0.83698	0
23.148	0.46436	1.20757	28.5131	1.88602	0.51651
49.9154	1.64795	2.24001	37.4312	7.37457	2.58677
68.2476	0.780573	2.46292	39.2852	16.0956	2.3079
0.200642	5.35378	3.34442	10.382	1.57823	1.26486
11.4271	1.1002	3.90264	0.984641	1.37614	1.08865
15.3258	22.0094	7.57879	4.19841	0.921047	0.141075
26.072	0.142315	4.12084	28.5251	1.43672	0.067404
120.284	1.67308	0.721738	13.6134	140.338	4.07137
0.374469	0.599223	5.98981	1.609	2.01712	3.4637
28.3812	6.23334	3.92051	16.6287	0.202539	0.774898
9.30146	3.31188	0.109866	1.21762	15.3442	0.232142
43.5929	17.8436	0.252912	0	45.8004	0.879891
42.0838	0.00315439	1.64039	17.3402	15.599	0.000465391
2.59542	5.24514	2.03401	0.216812	0	0.134055
44.7793	1.29769	4.36132	31.7435	2.58207	0.69678
56.3706	0	0.0550668	29.4499	42.4262	2.9879
24.1254	0	2.00825	33.6312	1.17337	0.183009
103.007	0.553158	0.0315528	33.4535	89.5501	2.25264
87.8622	0.0216253	5.18978	40.7043	25.3087	1.56776
59.7711	1.38082	1.20393	24.3519	25.9197	2.60277
82.9196	5.80135	0.878727	17.2302	37.935	2.55558
30.9679	4.1527	0.0074063	0.251245	65.1496	1.02083
87.3944	2.23154	8.46226	11.2637	20.2762	0
83.1506	5.2885	1.9892	37.0885	67.5856	1.71746
75.5664	8.53497	2.65782	66.3857	37.5578	1.63853
89.127	0.396714	11.7026	22.9803	14.0952	0.0455073
75.8355	8.7612	2.91197	16.0114	12.8626	0.363215
39.9321	9.05351	4.44131	16.2925	2.13109	1.91431
72.4118	15.5926	23.3253	0.422336	1.55305	0.495672
32.6594	2.99946	3.32257	13.4646	4.30981	0.408769
44.1491	3.17782	4.81446	21.5261	4.17599	1.23853
34.1936	1.77708	3.5583	48.7744	4.5133	0.745464
42.2607	5.21143	1.90415	43.8933	17.4173	0.14004
50.1373	4.20748	1.21836	11.7239	22.3276	1.66525
34.1061	2.73946	4.74939	72.7056	1.13831	1.77179
88.9745	12.5947	3.32643	85.1023	42.6868	2.60485
2.87887	0.49005	14.9277	8.23482	2.23443	0
49.9211	5.65727	0.546294	16.9328	16.1952	1.51335
0.627247	30.9198	4.09881	92.7148	6.00255	0.025039
75.9053	3.6222	1.50262	31.576	20.3494	2.59505
14.9386	0.0718295	6.47978	52.4717	5.17073	0.961194
71.0926	7.18788	9.96728	27.4242	1.7582	1.20112
4.62291	3.3941	11.9667	6.55674	11.7336	0.376113
0.264575	0.040549	3.37092	4.82964	7.02384	1.46223
39.2995	0	0.3449	30.9394	14.2741	0.47066
3.51009	2.84833	0.679774	35.6275	0.0780217	0
30.0329	0	14.9495	3.71837	0.156434	5.00531
44.2889	19.1708	4.78731	3.29375	7.50137	4.37817
66.3928	1.99373	0.178172	43.847	40.0275	0.660141
4.09942	17.8554	6.3117	2.57382	1.753	5.71684
74.0203	63.2879	2.58048	87.9142	78.1311	0.0247746
7.29299	292.055	0.0489686	79.6343	37.6122	7.77645
145.459	6.56452	0.0644062	71.1338	145.449	6.978
72.7297	0.0694659	3.15138	32.868	24.1457	1.36557
38.2723	7.00582	3.51463	54.5039	12.8598	1.00197
91.7352	2.53401	0.0321709	26.6665	46.7609	1.49307
0.824806	29.0613	1.27131	46.565	0.382526	0.590397
110.527	2.01701	0.0304448	41.9293	56.8881	4.55364
54.8009	88.7554	0.115789	101.346	78.2733	0.569653
80.6189	10.2681	1.85917	55.1963	47.681	0.228007
130.69	5.17408	1.00235	64.0155	88.8405	3.00358
96.3125	0.131582	0.155257	41.6297	53.9981	3.15698
14.4059	68.1089	6.34894	87.6475	30.7841	1.26591
103.954	1.56362	0.04172	16.0049	73.1209	0.649204
59.5293	4.67307	2.85059	6.97494	18.6604	0.0270351
8.68953	83.7422	0.271862	59.8773	38.7543	3.17692
27.4262	1.00091	1.15244	26.1546	16.3612	1.01847
62.5204	16.628	1.03718	6.44638	14.5712	0.413166
15.1665	0.10603	3.2228	16.2502	0.465324	0.00134456
35.714	6.26406	0.0214878	9.0624	82.3764	0.193736
11.2277	0	2.6214	28.9486	0.173184	0.0812775
42.7437	12.7148	1.16053	64.6062	22.4147	0.508305
45.5976	0.86673	0.422129	16.6781	36.0231	0.00361433
0.182505	9.41194	12.3261	13.1078	3.53732	1.34148
22.8235	0.198939	2.93681	16.1323	3.20763	0.428135
5.23447	23.1981	7.28107	2.75796	2.6225	7.05563
54.278	1.43868	8.99739	42.9029	6.96879	0.468899
29.4925	54.5575	9.49889	13.1183	0.0981763	2.87691
42.9713	2.78925	1.68962	51.2054	13.384	0.830223
24.5377	22.8694	15.975	59.6453	0.448117	0.108136
8.82235	1.04733	5.09953	35.1991	2.11103	0.0406366
13.2846	114.908	9.1187	151.88	4.5371	0.000372996
86.3873	2.13986	0.931628	55.3259	45.8883	2.02769
8.19318	53.4311	9.13104	4.84938	17.7037	2.89953
45.1391	1.01826	0.473872	17.1753	20.4696	0.462026
29.344	3.83055	2.10416	72.4437	2.5103	1.43878
37.2815	28.4598	5.82441	117.207	5.8749	1.46748
28.9089	2.9643	3.31122	17.9915	0.282095	9.80162e-05
53.4212	0.0333404	1.58348	26.916	20.8462	0.781937
37.5644	2.08116	12.1365	19.0636	4.08851	0.426435
53.8194	11.9951	2.37932	48.8644	36.3722	0.551164
63.3475	1.16015	0.00855203	23.9175	61.1421	0.537822
2.3906	2.61002	1.47328	27.6179	0.469523	0.111187
45.4558	42.5644	9.39845	117.582	11.9743	1.17595
54.7121	0	2.38186	5.46393	30.9843	0.910321
94.6407	19.196	0.0278029	61.6371	98.5639	0.573667
59.0822	2.15054	0.470905	7.01655	35.7466	0.0153587
1.39222	0.00253661	4.14169	0.0538165	9.64166	6.54481
85.9483	9.25242	2.22666	11.4231	24.5262	0.447856
15.2665	13.8375	0.685115	40.0602	10.0666	0.115604
90.7464	21.6939	0	65.5461	97.9244	0.522443
109.689	0	0.00140241	24.4371	105.889	3.07027
1.78878	6.53638	1.73027	13.7759	0.0631367	2.57405
1.43438	10.1523	4.41627	28.1842	12.5066	1.13727
19.5426	3.77508	0.830675	42.0231	5.29685	0.115266
43.9322	17.2693	0.662705	57.0635	33.421	0.0966736
53.4025	12.3693	0.267129	85.8022	34.4398	3.20362
31.9131	2.55991	0.177101	25.3807	6.74852	1.06118
63.8468	32.8814	0.167291	92.834	64.227	1.569
91.0133	4.25547	1.02216	35.5261	68.2252	0.459895
33.9431	0.220507	2.97364	7.71173	18.4433	0.17327
122.921	3.98356	1.47272	36.9749	113.203	3.63115
26.6821	2.95162	5.47722	0.1335	2.64648	3.97119
54.6868	16.2748	0.517785	0.270532	25.0957	0
44.214	12.3459	3.98818	3.26753	6.40529	0.107496
28.7414	0	0.567617	13.3457	15.7024	0.0157491
0.881369	18.9539	3.61363	19.9448	0.291063	1.49165
20.3094	0.483691	0.113348	4.25861	34.449	0.368416
120.446	4.86253	0.0361253	13.9954	93.2009	2.33825
66.5528	19.5086	6.96754	2.77586	144.917	1.0717
52.0277	8.20231	1.27489	1.01875	63.8186	0.279647
81.4453	20.624	0.0933561	1.53306	84.3762	0.0637684
34.5969	10.7109	0.321613	1.93255	30.4691	0.794676
0.425163	66.5124	1.74185	48.6161	2.49054	0.590657
88.1317	0.945711	0.480193	10.9772	102.649	1.76323
134.335	13.0246	1.58329	7.22462	53.8825	0.126983
117.536	0.709713	0.0020182	29.4781	125.513	3.65959
50.429	1.09874	1.4166	21.0497	28.8419	0
158.173	2.53558	0.353353	39.1495	142.897	2.70122
101.158	0.56801	0.102622	13.2881	112.463	2.6716
56.3571	1.0002	2.80814	2.74654	40.4855	0.0450898
123.66	0.534673	5.14449e-05	24.8683	100.342	2.68261
3.65105	0.70703	9.70922	13.7229	4.38592	0.893998
49.1806	21.2819	16.2401	0.702018	0.158909	2.88268
66.9511	3.36	1.617	11.5898	34.1259	1.45186
147.785	14.7952	7.90606	0.604942	62.154	0.0642047
60.1928	13.0258	3.15364	3.11692	11.8453	0.011773
0.367478	0.247664	3.96862	33.1591	7.28295	8.18802
85.5284	1.61647	0.0617926	34.982	73.5978	1.43657
73.1833	0	0.131888	13.0927	73.3377	0.988934
63.8474	9.67761	0.00833666	59.0027	59.2247	1.73554
51.5856	14.1267	0.0693509	69.1993	45.3252	1.81337
16.9631	1.1819	0.47407	15.2689	12.8694	0.000722851
10.9137	2.42577	0.42908	7.84624	17.7029	0.0334807
13.2243	71.0537	0.210947	0.802538	32.118	6.13329
66.4348	5.33126	4.19226	23.3709	9.1798	1.33521
35.5269	0.00797205	0.233006	18.1919	17.5947	0.00108391
6.64983	16.5184	5.79057	30.5318	26.9082	2.87022
20.1676	4.30579	0.817544	44.2861	5.9711	0.190097
47.4265	11.7019	0.273948	39.3084	45.171	0.0216946
18.5352	19.0312	0.190629	32.7149	24.7958	0.304802
7.37671	6.12787	0.00125814	34.0087	1.36684	5.54469
1.34988	17.988	2.3259	1.82557	2.19087	1.14131
18.6802	27.8123	0.618569	6.36928	8.03509	7.72348
29.8242	46.6459	1.24841	26.1799	14.6841	19.3465
24.9645	0.314152	0	21.3358	0.0338207	10.4179
14.3449	6.45901	0.00124665	31.9895	0.0321868	5.45296
41.9871	28.2333	2.61707	31.9282	6.67355	9.91584
0.0147326	20.6107	1.66907	15.3189	2.94099	0.307205
9.66879	26.0063	0.00711739	59.914	14.5464	0.138343
19.5831	2.53043	2.24113	0.236756	31.6274	1.96938
0.0278079	82.6333	1.62451	9.55846	29.1545	6.48685
1.30173	28.8344	2.03652	14.2165	0.841232	1.31643
0.0832506	7.85949	1.96494	0.302041	19.8856	6.3225
0.00452821	44.8255	2.1704	20.1634	5.99353	1.64296
16.6994	15.5652	0.00402591	0.892238	71.5527	2.8693
33.2758	2.68357	0.237717	11.2536	26.2693	0.869547
3.16447	4.55718	3.27025	3.04869	0.00850115	6.57054
0.213207	18.2382	4.50446	21.9678	1.20589	7.09385
6.32329	48.2391	5.02272	16.7357	2.30279	6.85688
0.873171	5.62998	6.10284	13.7179	6.6869	0.653546
7.72187	33.0398	0.610433	32.4562	22.8565	0.0937286
8.82327	8.97243	3.55895	0.0799376	0.881162	5.12199
1.29137	20.1971	1.23063	7.50526	8.45764	3.04996
15.763	40.3805	1.34251	8.95746	1.32913	5.47587
20.9612	15.4628	0	31.7605	29.8123	0.194064
8.77628	33.5195	3.94087	15.6062	5.67488	4.82904
2.26098	56.1965	0.668057	52.383	8.42456	1.22143
1.49795	13.7916	0.199122	20.7477	16.6737	1.73301
36.5352	5.04633	4.6322	8.9956	33.2072	3.2693
16.1607	0	3.9731	40.1367	0.240882	13.0797
5.04586	15.9472	7.08984	18.7009	0.0995236	6.08546
1.36124	0.454254	0.0745407	0.514375	4.44724	3.20065
1.79237	50.6774	1.2249	36.3821	9.05378	1.69798
0.156957	0.483222	18.2876	10.6331	1.59375	17.1765
21.7334	0.528995	2.33479	77.8681	6.69224	12.7518
24.7553	39.2247	1.43703	30.9276	51.8132	0.0990963
3.4547	53.4084	1.93742	70.1252	1.86355	1.11462
2.17321	14.8473	8.28862	12.6474	5.07972	11.3405
19.3107	0.24997	0	34.4462	5.99361	5.68838
20.5459	7.28095	14.1984	37.5015	0.577858	16.6701
3.59543	0.29401	0.320122	0.186921	14.4489	0.347194
0.569351	0.067015	2.56263	1.5562	3.09159	0.721809
4.61419	12.3421	3.63161	14.33	14.8911	8.34199
0.314861	14.3746	8.48715	14.193	1.02753	2.50658
35.158	4.56279	0.00838326	94.1594	33.7319	9.14304
27.5462	4.4766	0.688414	38.1876	5.63193	7.49936
9.39926	17.1153	0.115756	100.112	12.3946	6.04199
0.540221	5.09203	8.9531	19.0907	3.38173	15.4421
1.69936	0.35788	0.288788	18.2296	11.928	6.34659
2.34394	0	2.30394	0.175592	5.60173	3.34536
12.1626	3.70499	1.96812	3.6957	11.6946	2.62692
0.388421	274.164	1.55705	126.263	66.9045	5.05946
5.57338	13.6041	6.81645	5.46185	0.385391	11.4705
0.0227542	8.11345	1.6017	35.8488	4.27874	7.96997
21.3305	212.637	0	13.337	38.9475	10.2969
59.491	0.0980324	0.00492391	18.9132	47.9895	0.11469
0.970577	0.0212039	0	0.274235	5.94484	0.790486
16.4558	18.5908	0.25535	7.85525	53.534	0.507995
2.42174	2.37345	1.70879	6.67869	6.29813	2.97929
0.185933	52.5211	14.816	33.586	0.404456	2.63103
0.543467	3.57947	0.918398	2.03793	0.600169	2.2389
1.32146	21.2144	0.109977	108.774	19.1188	8.03087
1.11404	0.678931	0.0715379	1.67253	11.9198	1.67422
12.4812	10.3015	0.727579	0.278625	78.1682	1.74035
0.51578	3.80087	1.56731	6.28381	3.76405	11.3536
25.7239	1.25215	0.572178	1.53548	65.9187	0.306892
9.2496	15.7961	1.61884	12.8023	28.3621	2.37765
7.19656	143.257	1.26253	1.59539	118.603	15.4249
5.54796	26.5651	0	18.1485	4.34668	5.04
1.14246	58.6623	0.0657071	72.1616	0.0212564	7.40495
36.0194	2.7849	0.0974746	0.724473	36.7505	0.417694
65.9608	0.00143577	0.244521	9.69797	58.5381	0.0240325
0.0753635	0.796023	0.101772	3.95962	0.289385	0.0203921
28.9359	11.9949	2.16831	0	5.7057	0.911984
8.50577	14.2661	0.466305	0.585896	93.8215	2.25815
2.91789	6.48698	4.83037	11.6175	0	2.60647
6.46051	0.8219	0.062201	98.5664	34.4399	11.2242
50.5209	0.746265	7.13762	5.80633	12.9399	0.230139
30.9188	3.8675	0.732554	7.17756	42.4383	0.24935
0.00838786	1.72361	1.70129	13.0313	2.8287	0.92982
42.9162	16.4969	3.0419	0.0300994	10.432	0.0640386
0.205401	4.85743	0.464773	3.90455	43.4906	2.91138
0.657031	8.22579	6.28664	4.23232	1.44863	2.4687
30.4021	2.75635	3.20492	0.365811	12.3173	0.881591
12.7569	1.18143	3.46466	68.6111	0.850808	13.4537
4.49605	0.00835912	2.86004	1.5749	1.10446	1.30856
1.46756	15.6017	0.028734	29.2333	0.508274	0.293599
17.8519	1.436	0.536705	8.31438	18.4125	0.242822
0.293477	1.49555	2.26478	2.24096	1.77546	5.3422
1.36544	1.56645	0.000550475	0.913519	23.0646	2.41829
20.4911	53.0085	3.42036	8.32784	1.92865	5.58664
4.75496	31.2784	12.7126	14.5367	9.3403	4.01742
0.122856	2.55791	0	5.33998	2.19501	3.41442
13.3713	11.7331	1.12249	0.100735	0.025174	4.35703
5.07196	7.85608	3.31777	16.5442	7.21743	7.31114
5.14349	4.56275	0.172782	51.6193	35.6672	12.4416
8.54666	7.51006	0.103926	0.714796	6.89185	0.000853122
0	13.8066	2.38059	1.20732	4.61188	0.740247
2.14997	4.34662	0.253378	3.98049	0.128323	1.52941
2.17128	4.14144	14.079	2.01476	16.0716	5.30488
1.5712	0.000933506	2.97422	1.11404	6.3287	1.99006
35.8485	51.2294	0.0977108	4.15333	177.795	1.39307
36.8591	103.521	7.07375	1.01677	0.0353598	10.9857
0.020042	45.2149	1.05525	0.161437	22.5396	0.0984344
8.62863	29.8509	0.024483	0.114957	0.308523	0
2.60785	0.856508	0.223156	3.4124	7.33591	0.230598
9.62171	3.63217	0.194772	1.91849	21.638	2.34512
16.5215	11.9855	2.87582	7.79901	12.5075	1.94338
0.533605	2.69178	6.67065	2.42377	2.06414	5.71621
5.87938	16.1945	0.0416289	0.134043	1.64487	0.0121221
8.17556	119.118	0.216009	19.7454	14.6675	11.3285
2.29619	30.8847	0.138114	3.95838	0.0779377	0.913142
11.85	3.27424	2.47783	0.816047	0.964267	1.26648
0.358031	0.285239	2.45148	0.461139	0.26722	2.48642
13.8326	67.3502	0.10183	0.0331637	22.8525	5.09862
0	1.03364	0.130217	20.797	1.08171	0.0134082
15.6167	82.4217	0.263262	10.717	3.08854	0.0707723
0.673304	0	7.85325	0.566458	1.31291	1.71552
0.0995113	14.179	9.1659	7.57147	10.0559	2.76448
14.063	22.8617	3.0802	0.0148089	0.122947	0.105744
8.19094	0.0897467	0.021053	15.24	6.38915	0.232531
0.0893996	2.42467	15.8177	0.0385285	3.80989	7.89074
6.55093	7.04146	14.8854	6.51144	21.2612	1.41621
11.0244	62.3884	0.64879	2.77365	0.73051	0.00237305
1.45954	14.2252	1.89273	1.36663	11.7509	1.27535
12.4314	26.8821	0.00826846	0.508977	4.06871	0
1.30798	2.1514	5.40257	13.7646	10.3611	0.204485
0.0870228	0.442887	13.8206	5.8536	7.28667	10.6157
1.94076	0.14944	0.193121	0.881334	4.0387	0.360502
1.27289	3.40798	21.0544	5.60137	25.98	3.10753
20.3982	44.5321	0.119313	0.128746	5.30323	0.8278
8.65853	19.1312	0.376227	2.19965	0.163254	1.06256
1.8634	0.0286862	10.7343	0.161428	19.7271	4.613
0.949354	1.21277	5.90416	0.0371917	8.53782	1.37389
13.341	0.205937	0.0392963	2.21835	18.843	0.308998
8.6151	11.2828	0	5.92676	4.84052	1.52623
12.9112	27.2172	0.0326235	0.406709	2.64264	0.0160926
2.48167	23.7168	0.0349315	0.0635134	0.14454	0.00976807
2.00893	13.4558	1.4428	0.396813	2.21571	3.57507
0.676285	0.681653	4.64056	12.2806	1.79979	8.69937
0.131061	0.873228	1.0894	0.561763	8.86484	1.44886
27.6241	53.7918	0.259391	7.49932	12.2028	0.317581
0.0217146	31.2828	3.99384	16.0218	15.0037	8.96288
20.332	205.726	0.17398	30.1257	18.7992	13.0544
4.44784	75.1537	0.181251	43.4111	1.57453	1.40343
1.72385	5.46843	0.391075	0.0716792	21.4454	2.70462
6.05182	1.17169	0.529816	2.14785	12.5843	0.626344
17.5058	49.3286	3.4692	2.22273	1.98396	14.5512
0	4.27609	1.60955	0.426103	5.32606	1.55682
7.16824	31.9178	0.591199	0	1.72038	0.378346
1.30399	3.53918	0.308079	93.8292	99.1754	14.8103
1.92906	6.27023	2.96891	9.71244	5.17525	9.54147
6.80112	39.5516	5.8619	8.04034	9.58166	14.6097
15.4665	25.003	4.52129	19.7509	4.01194	4.31553
24.5922	17.7545	0.0312804	17.563	42.5353	1.31943
29.5826	90.7297	0.161731	31.3555	17.6575	0.252971
0.980505	1.44789	3.91685	5.61948	35.5762	1.37309
11.7152	130.269	0.170639	58.9612	0.223132	2.44722
0.302963	0.931068	0	1.97181	18.206	2.318
29.4146	59.9291	6.6698	28.8254	78.125	0.0914724
3.26905	1.49912	4.22839	3.4244	1.55684	4.35172
24.9477	20.0897	0.0834214	4.35844	21.0986	0.451733
0.268276	7.15366	1.03311	43.9444	43.5248	3.08658
8.91099	13.25	1.02118	5.92454	7.4253	0.8799
3.78781	18.7481	0.893566	3.39211	0.359475	0.594545
37.2631	55.7029	0.00344027	39.6132	41.5745	16.9567
12.0707	32.4026	1.63817	5.9275	24.8005	0.314422
127.81	24.286	1.11212	0.269516	68.7222	0.300241
0.199428	19.7993	0	8.24319	56.85	5.49984
0.178214	4.69391	0.727924	0.265056	7.10547	2.98071
5.99468	1.02094	10.6747	7.23226	2.35162	4.92146
0.450169	0.748516	3.4212	12.3939	0.289742	6.42893
0.514417	0.415292	3.95578	38.5247	11.458	13.3411
14.2855	12.0891	0.348527	1.47386	27.5613	0.0421706
19.467	13.7597	7.16166	8.41345	2.82174	4.51109
12.834	38.0222	1.35537	13.2473	4.12375	0.581851
19.8263	63.3363	8.66477	2.93119	0.500408	19.198
53.8769	30.3903	0.159421	1.07	31.3134	0.0503346
0.917479	83.5134	2.74959	89.0868	6.24263	8.60431
0.129522	2.84243	2.91087	0	0.734707	0.491773
0.989817	0.268968	0.0663087	1.65124	10.3258	1.62515
4.26092	4.26247	0.0544455	15.091	0.372477	3.25321
2.84348	11.134	0.190598	2.70181	42.7332	0.095297
4.08992	0	0.192413	23.4479	8.89247	5.41548
0.59618	27.0993	0.425884	1.21541	3.81208	0.684288
4.0691	16.6953	9.4983	9.86121	32.4519	6.02526
11.6621	1.75844	0.0445224	1.23873	27.49	0.546912
2.01586	21.5806	0.352622	13.8418	3.22447	2.93979
0.807157	0	0.123675	4.47035	0.575968	0.139558
0.860195	27.4233	0.754678	5.5959	0.725909	0.828282
9.13837	1.69786	0.226035	0.179679	5.27337	3.054
0.0433075	7.66118	22.0606	17.325	0.171485	0.0118289
0.225869	19.1229	21.6777	11.5292	0.720993	0.345118
14.1316	3.77663	6.57887	14.0258	19.2765	0.182775
55.4673	7.3931	0.414331	26.1023	92.5368	4.08541
21.0961	79.163	4.97874	32.3894	0.211894	12.2378
0.00693669	7.6739	15.2796	33.7669	0.503515	1.19294
9.46279	28.512	0.173833	1.01117	0.0806879	1.11918
11.1252	0.550377	7.54053	38.6139	11.2823	1.56083
0.829191	9.89133	1.88946	22.06	24.9225	0.242121
7.44793	0.105721	7.98981	66.3646	17.614	0.422728
14.2267	7.42164	11.5532	26.289	20.9653	0.56367
39.8517	3.04605	5.1682	43.3704	43.1528	0.340784
2.19098	5.70385	14.9122	33.3587	4.41483	0.564017
0.213706	71.4554	18.5027	2.26226	2.72501	0.521857
0	10.1019	16.0567	22.4881	0.401821	0.129924
1.8475	34.8817	16.2034	19.1666	12.8587	1.39041
10.5765	56.3195	29.8721	10.1596	7.61444	3.48173
2.54047	56.1777	26.6907	5.74871	1.54147	2.3118
56.0751	10.8866	2.00437	2.87756	16.392	6.14431
0.391924	37.3815	6.02333	0.056198	1.33191	0
52.0398	21.7534	0.930189	7.02237	42.5383	10.7294
0	16.5748	16.7216	9.09196	0.0141847	0
3.03665	8.62197	4.73872	27.158	18.0385	0.38111
38.7238	7.30597	8.88782	29.8012	12.5532	0.246413
6.35962	1.67517	7.53957	50.6748	21.6896	0.397192
0.956952	59.4851	29.3885	5.57338	0.451683	2.16839
1.98765	54.2328	8.05969	1.59302	2.02052	0.145215
0.128942	2.5439	10.1119	6.18104	1.87188	0.126213
28.3368	21.9016	0.062083	81.4986	61.8442	0.733483
2.97835	56.6321	4.22892	0.147838	26.3568	0.158243
22.0207	0.0307854	0.0976544	28.0844	65.3388	1.92637
1.32368	3.38254	3.55578	3.65321	0.0185955	4.48487
0.0636099	58.6219	2.62538	2.51767	20.6331	0.00302227
1.82826	12.327	20.3959	16.2897	1.04446	0.221017
0.0404323	46.3881	4.18819	2.89886	10.7632	0.0500609
0.550764	41.4129	9.18507	11.3937	15.3801	0.58267
0.740796	34.5772	23.5165	15.3296	0.0196799	1.21616
19.7125	26.7537	0.148416	0	62.8118	0.579865
0.0573088	118.394	0.376051	7.72022	32.1194	1.22434
2.66392	73.5563	24.4594	7.84931	0.219791	2.31564
0.221021	58.2567	0.0842185	3.94731	31.1963	3.78509
2.60739	89.4208	18.4061	2.29009	0.538321	2.34443
11.1258	25.8274	0.576501	6.23815	59.7964	0.150561
49.2053	6.33873	1.10579	3.94946	44.7815	4.12923
39.6547	0.473667	0.91513	4.18741	32.9156	3.68766
6.4523	21.7443	5.66388	8.4437	21.7174	0.0392665
7.08768	125.261	19.9032	0.237976	0	3.09466
2.62039	39.338	14.0289	7.67577	7.93892	1.53573
15.3812	27.0115	3.43117	8.28455	53.289	0
3.64812	62.2044	6.88719	1.14759	0.243493	0.00493421
10.7803	83.1044	26.9348	3.59091	3.03291	2.07199
9.18393	30.5662	39.6218	12.3837	16.1743	0.689383
2.51608	135.135	18.1364	1.32189	0.867838	0.873595
5.84702	24.34	0.415071	0.0630467	28.6066	2.92617
0.430097	89.4113	20.1575	8.12523	12.245	4.66606
18.4614	0	4.99147	30.642	27.1792	0.302849
1.84564	68.7865	14.9981	4.27224	1.6665	1.02365
28.9903	1.59955	4.04921	35.0868	32.3841	0.349465
9.04523	30.5562	32.1695	3.66168	17.3614	0
20.39	1.65436	0.599993	3.4301	23.8132	8.94083
16.0618	95.4699	9.2576	57.1813	1.95847	8.5733
3.77263	19.5628	9.44878	6.92683	7.28587	0.120785
0.478845	70.6304	32.6271	0.736013	1.84339	1.8405
2.83109	30.6317	16.7686	14.8222	7.38292	1.91492
3.74621	104.536	16.0002	0.12399	0.917919	0.774606
0.353544	45.4446	25.4728	32.0909	1.5678	7.30213
4.47622	43.5102	28.3108	2.93813	8.61009	0.911735
0.111295	69.1183	10.3749	1.50873	1.08564	0.0796885
5.31038	61.6785	33.8928	1.74981	11.5741	2.79149
0	56.9224	9.10674	0.360307	2.00201	0.0622727
1.66227	75.6785	16.7731	0.198251	0.0892934	0.480489
3.17464	148.246	7.51375	7.02811	4.52436	0.0282996
0.0540658	178.031	0.235199	46.1608	29.9409	3.35944
2.17323	39.0738	27.4014	0.396267	8.74551	0.0767491
6.40236	51.0651	10.7778	26.8976	0.338065	1.25561
1.01483	94.8737	51.358	4.13723	21.6964	1.78513
9.46207	129.094	30.23	10.0548	12.8997	0.16054
11.2411	6.84174	3.22553	0	10.8011	4.11093
0.562665	47.11	24.1434	3.3503	7.59687	0.527498
1.52053	0.995431	15.4949	18.1951	0.00314481	0.156265
13.9091	6.93156	12.5771	0.991331	2.72698	0.466934
39.4279	2.45942	0.691637	0.665881	44.5493	3.0151
0.00697582	34.256	17.2327	0.300436	1.99387	0.151858
1.18983	25.8099	25.2143	1.52847	10.3174	0.219926
10.3941	160.809	5.95478	6.39826	5.17491	0.306514
0	45.4083	36.0956	0.0585953	6.6084	0.381552
0.882466	39.9469	14.9872	2.90294	0	0.120356
2.65985	6.71082	21.1534	2.64735	3.07119	0
16.4714	79.7207	2.01428	0.0984743	1.07169	0.436244
0.812246	33.7683	3.41777	10.0784	5.90741	0.324616
4.10445	33.0565	13.6326	1.50933	0.0766444	0.0851249
2.28933	71.0686	9.54225	0.239849	1.34579	0.116793
1.11274	32.4811	16.2441	5.85115	1.10125	1.41048
38.2151	6.52749	0.667665	4.759	41.5232	7.38586
0.468768	55.1154	9.43335	2.10901	9.18588	0.36827
0.438323	30.1579	2.90951	2.52828	4.52456	0.0819078
16.6736	144.442	16.5169	0.00609948	0.0202506	1.62673
0.142099	94.3544	1.42964	0.444985	32.5344	0.0604212
11.6568	9.48043	4.397	0.617017	9.55012	0.650933
9.55398	16.1345	16.5815	4.62131	3.83444	0.116072
5.82356	0.00874794	0.00957873	26.9502	11.4781	5.27455
6.27367	0.0778008	1.03452	0.212601	0	2.49488
1.95644	45.2302	23.1284	3.2253	2.21443	0.816047
0.788753	7.17491	0.0157663	18.1508	3.01696	3.17797
1.32383	24.46	8.52045	18.3496	16.4619	0.301479
30.465	0.313434	1.49892	8.94119	30.7379	0.406215
3.43222	19.3982	4.83315	16.4139	29.0091	0.0226943
6.66862	0.817235	0.373226	68.6255	28.2418	8.8763
58.1979	45.8922	1.928	22.8638	17.0024	8.02678
32.4864	0.559416	1.44588	5.38372	41.2337	3.12331
1.51941	56.2831	20.2956	1.57299	4.21	0.332557
0.711874	61.9128	20.9271	3.71417	4.83278	1.05512
0.583027	63.9764	11.2441	0	6.61944	0
1.16201	11.445	17.8893	3.13105	0.778505	0.00471691
3.26865	10.7798	13.9347	1.48399	0	0.125911
33.0697	0.253786	1.25956	0.0182452	10.9739	4.83687
47.8331	32.0256	3.85131	31.6156	14.4161	3.60055
22.711	89.2166	6.58569	23.6827	2.40962	15.4894
0.929079	20.6484	16.3353	4.11213	0.085369	0.0872494
4.52242	19.0771	16.1163	5.24867	3.13578	0.0134293
36.5069	33.815	2.13833	0.229963	1.0737	7.00899
19.1921	0.0224134	0.0438627	3.22226	30.9991	3.9311
1.69944	0	19.4843	51.0512	0.337804	0.235207
23.7389	0.125702	6.76688	16.6836	18.1782	1.36936
31.6136	2.00964	6.85622	43.6197	32.9306	0.204375
4.31946	17.1431	4.35673	0.116306	6.89005	1.12864
1.89367	36.37	13.1226	2.16205	0	0.339915
5.06119	7.50662	9.57603	6.56011	4.92472	0.478098
4.12669	38.4931	15.1862	3.13012	7.66865	0.213681
0.734405	0.0745152	13.4476	2.55916	10.147	0.599285
0	20.3049	25.2406	4.89534	2.63099	0.144768
22.8152	0.237288	0.00553249	9.68881	45.6732	5.0783
46.8314	17.8127	0.270425	1.57894	24.0495	11.7224
2.64376	9.87654	12.8366	16.8569	5.31308	0.00434819
77.5487	253.631	7.56361	17.3163	19.1486	20.0941
29.0897	0.408773	0.434287	0.289269	11.8421	7.6541
11.4034	3.54858	1.55101	5.33497	19.1242	0.801394
40.2121	5.30409	2.49983	6.35482	15.8676	3.72011
11.1386	6.97213	4.43915	3.58074	14.1076	0.810645
3.85829	20.0596	17.1217	0.148585	0.243246	0.255002
3.86483	37.4496	9.7717	2.94171	1.05276	0.435183
5.82952	1.74999	23.1315	9.82323	1.161	0.0294264
23.2776	1.9265	0.0239016	16.3405	6.12599	9.17338
33.6741	4.26767	0.0889335	14.2781	53.8685	5.65599
1.77016	33.2283	2.21226	1.49178	7.47605	1.98007
5.3896	10.942	5.04259	43.127	3.59382	11.6335
23.7174	3.60498	5.80552	1.89478	0.56944	3.10497
9.68621	6.56417	4.55598	7.98653	15.1365	0.157794
2.01941	8.57711	14.0419	12.5068	1.03224	0.0474621
4.54631	46.3572	1.94893	39.1273	18.0899	8.53474
49.4403	3.04737	0.0461412	0.109577	25.3115	6.23957
8.40922	21.4898	0.0111523	0.102146	38.5887	2.97336
6.12591	12.2769	7.71682	1.45846	3.95657	0.221869
34.5385	2.37279	0.453477	2.02093	17.0804	3.81014
7.50098	26.1091	0.343089	3.21373	32.6925	3.5498
18.0927	13.0341	0.179086	27.5252	3.88121	6.89863
0.153559	75.99	13.9511	0.555679	1.82794	0.199417
18.41	11.5194	8.63747	1.68055	11.4866	0.0525586
0.421105	36.0978	7.36764	3.32777	0	0.597889
1.82384	60.2687	8.96441	2.47142	5.94619	0.53363
2.30301	14.3141	20.4831	0.466614	2.1322	0.0018023
11.1444	22.3287	6.29065	0.63308	16.9328	0.381727
16.0315	6.81348	0.896383	1.96799	13.9318	5.48658
14.1257	20.1165	4.35068	0.139953	15.0342	0.904774
45.9267	26.8169	0.193574	0.42422	1.92072	14.5954
0.308102	43.6144	8.60375	0.00950279	2.28821	0.0562211
23.0435	0.0930804	4.25724	10.7191	18.0554	0.723064
0.145416	23.2789	23.0866	0.0836752	9.04728	0
34.7978	0	1.7281	1.84125	20.9551	2.29244
6.83745	15.7291	19.3292	0.435979	1.23697	0.0899937
23.1764	1.23085	4.55705	8.8435	20.3216	0.435082
4.3009	0	4.69058	0.00871171	1.40643	2.85307
2.17346	26.258	6.37151	0.0347816	4.53844	0.471979
8.80781	10.8305	0	0	0.138985	7.49308
3.19373	0.0368042	1.86877	0.0903806	6.42158	6.73184
5.00816	20.3286	0.0207483	2.75728	20.6235	5.13073
1.13484	11.7297	10.481	2.5652	6.06898	0.542426
0.195467	100.262	45.8626	4.5061	11.9553	1.65393
29.9789	0.759987	11.5166	16.4023	4.29258	4.02816
1.18165	14.8456	14.8107	3.63452	5.82767	1.60054
0.167597	0.149467	25.7999	1.99668	36.973	0.0372095
24.3601	12.5187	6.31108	6.19258	0.428183	4.31407
76.9948	33.2276	0.602957	14.7344	2.04226	9.53167
3.91038	0.0172427	21.4532	40.0699	0.325601	0.0527507
0.0724303	13.4394	8.06614	0.0814805	0.754945	1.52037
0.299674	34.2044	35.4649	6.68575	0.90961	1.10464
9.42936	7.48321	3.22178	0.298239	9.79314	2.16906
8.80453	45.2837	1.43712	0.0847651	0.174918	0.139304
0.441703	10.2711	7.62108	3.64095	0.864708	0.0912983
16.1098	3.00152	0.642396	0.303589	10.6336	3.14098
2.29838	6.58658	0.0339942	8.36416	0.55206	6.73656
5.18798	8.99053	11.0812	0	0.186982	0.322368
36.8552	4.45854	1.32144	0.809651	36.8859	8.67344
13.2988	81.7624	0.0140798	6.464	2.28565	2.16374
2.26232	65.8812	4.57759	0.752645	1.59588	0.229972
1.9558	21.9142	2.74328	2.50972	13.8781	0.314285
26.2854	0.463664	4.4235	1.37631	4.37428	2.24671
10.6287	7.25847	2.69676	0.0940078	9.96557	2.06838
25.1998	1.33796	6.89522	6.22194	5.28857	2.20783
2.49103	9.62717	2.79593	22.4885	19.5324	0.0438962
0.700416	29.632	21.0333	0.618815	0.3673	0.0265706
37.8576	0.272238	1.39375	18.9064	52.3948	1.75573
81.6519	116.325	1.85392	17.2567	1.84395	10.5656
24.6866	1.34128	0.68438	19.9011	37.7475	2.70157
0.663954	70.573	21.7409	0.292152	0.0211155	0.223921
66.1741	48.0141	0.26725	8.54644	16.5	11.3561
24.9153	1.04116	0.518849	1.53544	15.2612	7.57934
27.8542	14.0399	2.51155	12.7896	14.6326	7.14384
34.1089	4.91247	3.08003	2.65999	0.0423652	5.95898
12.4818	11.9324	1.9944	15.9877	6.21389	8.38767
24.3409	16.0588	2.05729	47.2487	14.7996	12.0605
23.5185	127.103	7.38022	37.8155	54.6003	28.1189
22.207	106.739	0.264129	33.5893	123.129	14.3264
60.7408	164.886	0.182966	37.091	79.3779	21.7873
7.68914	50.1158	0	73.6544	129.216	19.8051
11.8415	0.576417	0.176258	32.3782	7.73829	7.11551
6.65457	0.300619	1.24359	42.3928	20.2062	2.99522
39.9774	35.1259	3.40173	75.5797	26.6606	16.6704
39.758	72.7357	0.767923	90.2689	77.227	24.1458
12.7226	39.463	0.00448471	57.426	73.6549	20.9989
23.9729	17.3689	3.81005	110.038	28.0979	28.1829
40.0944	100.792	0.291251	133.264	205.623	18.5881
13.4051	63.8628	19.1433	35.3514	6.71651	36.6486
28.4239	31.4433	5.10451	92.7652	24.5886	30.2844
10.4337	13.8282	4.34101	15.2556	4.37712	9.70398
60.728	292.128	0.275688	18.937	113.674	29.6537
10.5082	0	0	115.837	50.2253	10.6504
1.60802	0.383298	2.01497	95.6381	47.8505	12.8471
22.3065	58.7764	0.906719	145.27	142.05	24.5515
13.3925	0.462955	1.09654	127.944	37.1952	15.5617
12.5538	63.1168	0.781201	18.5469	58.9445	8.89368
0	1.75406	20.9274	44.7681	3.90491	18.1607
13.6614	8.52464	1.19458	113.753	47.3289	22.3003
23.3606	85.8945	9.62601	52.3191	31.7491	31.7791
0.672579	14.4667	8.60438	27.0768	0.177882	6.15892
15.123	34.6914	0	78.7581	108.725	11.0094
0.0954802	27.1282	17.3653	155.267	2.32157	20.8104
33.3591	67.2416	1.22716	79.5216	63.8216	25.1838
48.6027	122.494	0.405212	115.377	186.569	21.8728
21.9059	30.4757	5.4898	109.43	48.3336	22.9322
10.2061	0.69033	1.05096	153.133	54.4859	18.7844
14.3178	4.47867	0.0890893	190.926	120.097	18.7192
20.8418	1.82319	0.342146	164.711	56.9907	18.3606
8.03535	1.61842	0.763749	63.2696	9.68086	7.34032
3.50434	13.0539	2.1333	70.6715	55.9746	16.8157
0.460128	0	0.650372	107.424	63.0441	14.4066
9.68239	12.345	6.17363	25.9279	4.86586	13.214
28.3616	55.0309	0.134965	104.513	136.231	14.8473
21.4943	11.474	0.00293936	127.227	74.3297	17.8573
106.97	238.482	0.0792449	47.5077	118.432	17.4753
16.7895	3.81308	1.15431	163.265	115.638	14.22
9.21399	1.3922	0.346808	197.169	54.6026	21.3522
21.6046	19.3802	0	93.8746	73.3174	14.0722
7.68554	21.1593	4.55341	93.6116	50.9623	25.3831
4.55318	0.288176	2.73895	127.139	38.2276	20.8395
0.346862	0.466976	4.26815	79.1986	20.233	14.5958
8.56682	7.35317	6.01288	174.895	12.2272	19.3309
28.5071	10.2566	4.8023	123.751	24.4773	20.6179
26.0324	120.362	0.00845159	71.7393	151.078	23.4946
14.4366	0.671663	0.270457	166.025	65.4195	12.1994
9.97047	25.8289	0.0422383	44.1699	31.2349	3.18813
19.1751	54.9871	1.19424	61.8147	63.763	22.8159
3.27268	6.89902	0.983399	70.6944	45.9482	7.06796
0.481196	9.15305	0	132.74	58.0083	9.27463
36.4615	129.395	1.38365	57.1007	86.2269	26.1749
50.68	226.884	0	97.7299	219.562	34.2187
0.00849485	2.09664	6.26821	187.401	50.2672	28.6582
22.5918	126.023	0.151077	89.2653	165.381	31.2883
32.2393	53.7469	0.7737	43.7069	51.2567	9.37598
21.1241	26.09	0.321534	151.842	148.342	16.6008
0.811205	13.4437	19.4341	143.187	6.01874	26.0673
12.1237	20.7449	4.11097	104.477	46.8118	26.8719
14.5527	1.30747	2.20024	200.643	66.4851	21.285
2.61517	4.63879	0.584231	69.521	55.55	12.2479
2.88417	11.2196	0.299975	114.172	31.8673	5.19261
48.0068	56.4511	0.777297	84.3291	59.0977	16.1161
4.56677	9.94814	0.926534	132.595	23.5149	10.2805
33.9115	62.3799	3.21073	96.1848	56.4681	28.9827
20.805	7.16541	5.26134	151.615	38.6372	21.2841
13.801	37.6996	0.589779	48.5118	50.5953	19.3222
7.98908	2.56515	0.543309	11.7242	2.87529	7.29792
49.5167	14.5177	0.0570714	42.4942	7.21804	13.8396
19.1725	0.976688	0.474354	66.0542	10.368	13.5729
45.6819	12.2919	1.45532	32.8603	0	17.4923
43.7709	133.757	3.63305	0.746801	2.09027	13.5213
0	0	13.3749	13.1749	1.01878	14.7652
29.9226	100.827	2.23812	13.9716	17.3632	31.3145
0.0886896	41.093	0.00260102	2.73863	18.2153	10.8615
10.6591	15.7943	0.00774072	0.208841	72.8108	4.47062
12.8761	11.3246	0.588545	13.4902	6.89703	8.74617
13.7772	0.478775	0.72449	88.4513	13.4944	22.2344
1.63061	0.145878	1.26439	2.53121	6.61543	6.09104
69.3873	53.6519	0.519647	48.3172	17.1012	15.4218
38.7377	54.0311	0.0128441	2.04413	1.99426	15.7831
6.56391	0.268656	1.02151	6.0837	0.0298719	6.20918
1.73517	5.72812	0.297239	7.12227	11.1281	8.16375
4.67146	1.57207	0.938668	8.4639	2.16294	6.30037
28.9703	56.1785	0	91.8985	90.081	25.471
0	3.69693	13.5546	5.7864	0	12.3156
8.52326	18.2492	2.80164	1.11581	0.783294	7.75638
0.953025	22.3624	0.575862	1.12869	21.5655	5.07077
6.22666	0.776511	9.86205	13.6438	7.95053	20.4011
1.34032	0.0860772	0.779901	7.36124	14.7076	3.31018
8.10659	16.5215	7.78509	0.0112967	2.73841	9.615
12.2762	0.178063	1.05527	35.7134	0.598143	10.0495
0.160497	9.14275	0.282868	29.9941	6.52542	7.09231
41.8673	6.30228	0.534587	3.82388	10.3649	11.1689
1.17395	0.0322543	1.12574	14.6784	18.6049	6.78565
1.80787	0.499058	2.70989	60.6929	10.5743	13.9235
10.8028	4.269	2.0482	34.9567	3.35429	14.1499
2.14178	3.74383	2.94127	13.2221	4.75734	9.83072
0.398833	7.44515	1.71941	28.1281	4.16756	7.54177
16.3132	28.5386	2.11147	0.747649	1.56874	5.85148
19.7261	29.1107	2.51728	0.192944	0.329754	6.26492
8.19444	2.47886	0.0540527	16.2047	83.8763	4.04698
26.7797	19.1933	0.460717	103.178	47.4076	21.8656
0.350076	13.2308	10.0156	0.431753	1.92291	9.63219
4.41176	2.81281	8.99161	48.8954	2.19587	23.5557
5.96851	7.98184	0.118237	92.8776	68.0948	18.5844
3.58391	5.03628	6.59615	62.0395	0.0438046	16.5008
22.8319	2.76209	1.12649	95.1535	13.7307	20.958
28.5553	61.0136	11.2053	11.6994	0.639131	20.6598
8.5884	13.7779	3.81113	42.5484	11.1699	22.7343
0.095101	10.1872	0.168955	56.014	125.962	6.13992
2.41433	13.5814	5.74513	57.9135	83.4636	2.91687
5.13589	2.44955	2.36077	43.3048	54.4744	9.19281
10.3346	0.0827987	0.00248776	0.212636	19.8683	5.78716
3.71794	26.4457	3.08177	3.06646	13.2398	5.94839
4.4721	21.5652	0.730545	11.8739	55.5539	5.85454
2.60349	2.892	0.0188636	48.9691	43.1701	11.1853
1.44117	0.472365	3.57378	64.0302	31.9434	14.9737
0.907953	7.19534	0.858922	12.2599	17.433	9.66113
17.3668	13.9397	0.149499	114.294	75.668	16.7872
12.1388	7.00691	8.2704	31.0715	12.9638	7.73789
0	0.608522	7.85983	12.9317	1.1029	0.129977
34.4008	12.9901	1.18531	120.418	52.486	10.371
3.33995	1.29543	7.51847	28.8899	9.76022	9.9802
0.124199	0.00511457	5.37234	28.7052	4.56451	12.5209
13.3345	0.0660902	7.18457	57.5248	0.00149426	18.8567
2.0549	0.0700806	4.58509	58.5828	10.0865	16.2475
40.1509	74.1688	0.790019	13.2026	9.10687	23.6505
