0.00176782	-15.3217	-3.34149	11.7917	-6.06659	-1.66977
0.866411	-7.92913	-2.45823	9.34276	-1.28455	-1.92791
5.16038	11.772	0.757459	-4.96195	2.28458	-3.152
5.38591	1.97165	0	1.00729	-2.02168	-2.55527
5.21675	4.3358	-0.789278	1.48928	0	-2.79773
0.900089	2.8642	-0.792941	-3.35566	-0.522526	-1.32404
0.507901	1.68032	-2.18114	-0.523587	-0.890476	-2.32062
3.04997	13.9156	-0.251469	-3.92611	5.62164	-4.1772
4.6967	6.49656	-0.263282	-3.9098	-1.35746	-1.94951
3.80491	6.18285	-1.59104	-0.704692	0.147012	-2.85278
0.6341	4.16253	-1.12868	-3.20483	0.577009	-1.59577
-2.27431	2.18353	-0.370815	-4.28093	1.85198	-0.949363
-0.333458	4.0854	0	-3.62497	3.1222	-0.655266
-0.928254	0.497859	0.153255	-3.42515	0.4707	-0.667571
-1.80414	1.82057	-1.55784	-3.48599	0	-1.56973
2.225	2.06987	-2.48953	0.204289	-2.51243	-3.01257
3.07782	1.50243	-1.94494	-1.45683	-4.08764	-2.0242
4.92414	6.73428	-0.506059	-4.38961	-1.98241	-1.8921
3.23793	3.86558	-2.77704	0.171202	-2.28429	-3.15962
-2.68795	0	-3.33615	-2.86615	-2.41599	-1.79632
-2.56162	-4.16966	-1.68496	1.50921	-0.71872	-1.84274
0	0.436688	-4.01431	1.29192	-2.90375	-3.41493
-2.76091	1.87837	-1.5074	-4.05799	0.862633	-1.15636
-1.54433	6.35153	-0.515508	-6.6186	2.80659	-0.964189
2.92959	2.18926	-1.82971	-1.62837	-2.89551	-1.61331
0.295608	-6.34978	-2.54911	4.50447	-4.80279	-2.86097
5.23541	5.70371	-0.575558	-2.49605	-1.77587	-2.05815
-1.34787	-4.3774	-2.53119	1.13673	-3.36463	-1.76505
3.18565	4.37641	-0.810685	-0.678652	0.364797	-2.27187
4.97888	3.85101	-0.26572	-2.72721	-3.11498	-1.94279
0.992551	-1.87473	-2.19049	3.62695	-1.24478	-2.67163
4.51178	1.91832	-1.82618	-2.5644	-6.24114	-2.18108
-1.24887	-6.96713	-0.208358	3.55321	-1.05934	-1.51876
1.13242	-7.58085	-0.982052	5.9224	-3.2762	-2.3187
1.87938	4.86859	-0.903723	-3.16262	-0.299971	-2.21091
-2.88022	0.0820252	-0.242535	-3.25861	1.62516	-0.802334
-2.38604	-2.73929	-1.25782	3.89768	3.15152	-2.04788
-0.123604	2.33697	0.260406	-2.64802	1.82908	-1.20821
-1.95458	-3.26395	-0.64791	0.509041	0.212361	-1.2327
0.265868	-6.44438	-1.69469	6.24786	-2.05039	-2.6973
4.13285	4.49569	-0.730582	-0.532026	0.14914	-1.92764
-1.26286	-1.22602	-1.80232	-2.23882	-2.43938	-1.35933
3.84331	11.4033	0.390272	-1.19443	5.20027	-4.67399
0	-1.04614	1.23981	-0.762503	1.57342	-0.809924
-0.122661	-1.82152	-1.32929	-2.34266	-3.37729	-0.915747
1.20277	3.90339	0.996032	4.99066	9.11847	-2.45062
-0.0683136	-1.91764	-0.438884	5.52806	3.22585	-2.84017
-0.770345	5.50931	-0.833438	-4.47602	2.11372	-1.7452
-1.49206	0.51513	-1.14119	0.683768	1.85574	-2.57997
-1.09342	2.15576	-1.33871	0	2.48425	-2.28621
0.956167	0.467041	-2.2949	1.32854	-1.40649	-2.7352
1.83387	1.84874	-1.71225	4.0999	1.22174	-3.88692
-2.46808	0.948689	1.29466	0.58658	6.92747	-1.39767
-4.97109	0.204244	1.30952	-3.19387	6.4048	0.150157
0.700295	-2.35712	1.79161	2.90021	3.73907	-0.85845
2.37372	3.00634	1.15599	3.90274	6.07939	-2.59139
-3.19761	-2.54346	0.584903	1.44825	3.94651	-1.67674
0.9237	2.07468	0.496524	1.47842	3.76481	-2.38325
-6.18453	-1.73296	1.05723	-1.41767	6.80203	-0.229591
-1.74429	3.32345	-0.577156	-1.30151	3.84879	-2.37537
-3.67822	-1.15569	1.47344	-2.02428	4.77009	-0.188743
-3.30491	-0.529712	-1.43881	-0.49378	1.47505	-2.34751
1.49186	2.53438	1.01826	-0.196029	2.94443	-1.95987
-2.84753	1.85076	-0.696757	-2.63032	2.97389	-1.40609
0.233148	3.11201	-0.574473	2.73639	5.9102	-2.16227
-4.3454	-4.25788	-2.95513	3.42987	0.676816	-2.67863
-2.26541	0.212247	0.33718	-2.88612	2.09987	-0.812393
-5.4584	2.00581	0	-5.70991	5.19596	0.4278
1.9339	0.288559	-1.66055	2.6697	0.671034	-1.62927
-1.27803	-2.27278	-1.98544	5.20385	2.46063	-2.68439
-2.36383	0.229284	-0.830093	-1.13526	2.50622	-1.0926
-2.50153	-2.42769	-0.617078	-0.655076	0.802142	-0.931594
-1.76924	2.27911	-0.701893	-0.851496	4.30557	-1.1877
-2.07771	-1.22481	0.3943	-1.32858	1.94365	-0.940194
-8.27904	2.08234	-0.574681	-7.28484	6.47163	0.946819
2.08108	3.05782	0	-3.08353	-0.666631	-1.52589
0.375573	1.37111	-1.58639	-3.1483	-2.28989	-1.48956
3.67572	6.21826	-0.952348	-2.06919	-0.438049	-2.9357
-6.20553	7.22955	-1.52217	-10.4357	5.20858	0.671051
2.46172	7.2487	-1.93242	-6.84569	-1.98383	-1.01008
-6.00752	0.115466	-2.3178	-3.53206	2.25512	-0.978651
-5.38314	3.11164	-1.41571	-8.85973	2.30191	1.08005
2.48138	3.27899	-2.16607	-4.28407	-3.8206	-1.134
-3.2662	0.682897	-0.155722	-3.3015	3.01239	-0.465993
-3.45534	2.4553	-1.41631	-5.38737	1.29158	-0.800472
-1.78252	5.51573	-1.29769	-8.27546	0.0179669	-0.761718
-9.93443	2.74902	-0.545573	-6.34577	9.11818	0.299609
-9.59875	0	-1.14097	-6.45707	6.32793	1.37762
-6.2774	4.22822	-1.38738	-8.31091	4.16401	0.313114
2.97167	5.90546	-2.59715	-0.958153	-0.424723	-2.74306
-2.00618	8.01782	2.53057	-9.04687	5.41209	-1.23735
-4.61556	2.38197	-1.03181	-6.89616	2.06663	-0.0088106
-2.67749	2.88416	-3.43326	-3.24559	-0.660906	-2.49079
-4.2107	0	-1.57546	-5.9366	-0.281495	0.0735889
-3.10923	-2.86515	-0.95924	-1.19839	-0.227638	-1.18563
-0.893451	3.30831	-1.54969	-5.3591	-0.485602	-0.757896
0	2.11394	-3.75012	-1.37614	-2.46691	-2.36553
-0.343136	1.32471	-2.93505	-3.91684	-4.0619	-1.77912
-8.61081	-1.38264	-2.67654	-6.0245	1.91679	0.497507
-1.87197	-3.01548	-2.36299	1.80739	-1.01712	-2.20448
-4.52937	0	-3.73351	-2.05762	-0.0388251	-1.63788
-5.45721	0.931857	-2.09161	-7.29577	0.201801	0.249851
-6.20539	2.79088	-1.40862	-8.07204	2.97082	0.463083
-3.6752	-0.219393	-2.02033	-5.34402	-1.0622	-0.0865107
-4.2738	-0.360129	-1.03415	-4.40771	1.59014	0.170013
-3.61153	-0.316005	-3.66093	-3.9369	-1.91365	-0.532508
1.55968	0.888609	-0.669453	-4.44848	-3.61309	-0.73682
-2.00269	0.720273	-2.55478	-6.83296	-3.86295	-0.124674
3.56105	3.77539	-1.28295	-3.89306	-3.80044	-1.78801
-0.528709	-3.35152	-2.31895	0.209334	-3.68733	-1.60759
-3.30074	1.34558	-2.06877	-6.70723	-1.47683	-0.29623
-5.72087	-4.94763	-0.980906	-1.59618	1.19798	0.0982344
1.71494	2.38044	-3.35785	-2.37398	-4.51217	-2.33105
-3.79844	-1.76073	-0.630401	-4.16521	0.499963	0.32252
-2.8461	0.117708	-1.74254	-4.65186	-1.29823	-0.827963
-9.14013	-0.481638	-0.658567	-5.43454	6.8445	1.30028
-4.17996	-1.1601	-1.92057	-3.10408	-0.0626624	-0.986121
-7.42287	-2.65519	0	-4.47949	4.26407	1.03209
-5.05671	-4.77651	0	1.11443	4.24209	-0.0652516
1.30308	-0.581657	-2.2393	0	-3.83893	-2.5831
-2.55437	0.483088	-0.521878	-5.61819	0.0998408	0.245989
-5.69311	-0.658565	-1.87568	-4.70311	1.14926	-0.276268
-2.51897	1.10643	-1.74	-6.77673	-1.97053	0
-0.666336	4.76162	-1.07967	-8.19319	-1.01911	-0.177081
-10.7623	0.0128873	-0.855622	-5.87682	8.60644	1.60201
2.03767	-0.442575	-0.826097	-0.362362	-2.68586	-1.91884
-7.65884	0	-1.88418	-6.69102	3.29741	1.26388
-11.9809	-1.27869	0.838975	-2.48394	13.4712	1.4329
-7.4478	2.93918	-0.895647	-3.9399	8.49983	-0.00379189
-0.240369	-3.77321	-2.02519	7.47553	1.84685	-2.89079
-4.12896	-0.197455	-1.12347	-5.19742	0.568553	0
-9.86621	-1.42476	1.9913	-0.809958	13.7177	1.08391
-2.53231	-2.30261	-1.60072	2.21806	1.41781	-2.26224
-10.5882	0.601393	-0.171444	-5.51306	9.77439	1.31661
-3.48218	-4.06784	1.38499	0.318664	3.86141	-0.217932
-6.8574	0.418782	0.824392	-2.13071	8.89367	-0.107234
-9.63267	2.08834	-0.217915	-5.39689	9.9975	0.861419
0	4.69206	-1.15477	-5.06804	0	-1.51467
-4.64264	-0.274952	-0.348668	-1.92365	4.51454	-0.495531
-9.9943	5.46681	0.575636	-6.28035	13.4332	0.532324
-3.34024	4.0769	-0.360534	-0.456455	8.53676	-1.16038
-8.64314	-2.67378	-3.13404	-2.78312	2.05747	-0.879478
-11.8907	1.60053	-1.24086	-6.89033	9.73532	1.39222
-9.59859	-1.52338	0.420568	-4.08219	8.68724	1.29282
-4.9797	-0.60276	-1.68674	-4.03557	1.9338	0.306529
-8.66756	-2.82086	-2.46728	-2.05812	4.51569	0.251737
-8.86888	-2.17352	-1.38923	-3.48408	4.77578	0
1.52985	1.31267	-2.68537	2.4421	-0.624102	-3.0561
-7.5016	1.21983	-2.3698	-7.11191	2.94185	0.728013
-4.89047	2.35672	-0.0807348	-6.41261	4.57012	0.785089
-9.08462	2.69717	-0.974652	-7.73759	7.56401	1.47997
-5.7157	2.47416	-1.09356	-7.98849	2.74994	0.636567
-8.22129	4.74274	0	-8.12234	8.68376	0.777929
-7.76545	0	0.161139	-4.83451	6.64937	0.555858
-0.695001	-0.865997	-2.84614	-2.85609	-3.75121	-0.794948
-4.69965	-1.65929	-0.200833	-3.54291	2.40088	0.125758
1.89978	2.7468	-1.84832	-4.97283	-4.12367	-1.13108
-0.373945	5.67439	-0.575999	-6.01357	1.68991	-0.811853
0	-11.1125	3.15267	1.54048	-3.64267	0
0.886637	-5.86881	4.06648	-0.281976	-0.860321	-0.770753
1.69889	-3.73792	3.65044	-0.84837	0	-0.289259
-1.2281	-7.63851	4.18151	-1.05728	-0.335328	0.0913708
7.10016	2.48218	0.546177	-0.629185	-4.22229	-2.38666
5.0098	-1.72064	1.90252	0.0343608	-3.62427	-1.76044
5.77748	8.62069	2.13345	0.233664	3.82124	-4.48413
1.94925	-3.48216	2.63016	1.13409	-0.891743	-2.16915
0.44651	-4.10087	4.15134	-4.23993	-0.934139	0.795961
1.91881	-6.94186	2.6918	-0.431322	-3.94386	-0.181569
0.268492	-8.45642	1.6147	1.92259	-3.18324	-0.829592
4.02988	5.42154	-1.00616	-2.67818	-1.83746	-2.53549
1.93629	0.24512	4.49137	-5.39868	-0.157945	-0.553126
5.06601	-2.85249	2.70935	-2.87052	-5.54286	-0.354384
2.83855	-2.80872	1.65174	-2.6275	-4.5238	-0.80738
-0.756852	-7.07636	3.96018	-1.3043	-0.532763	0.261739
0.549309	-7.56572	3.12628	1.22277	-1.48303	-0.58168
4.09336	-3.00366	1.83558	0	-3.74695	-1.38626
-1.42679	-5.95034	5.14927	-2.19767	2.02291	0.703459
-1.72115	-8.24082	5.7719	-1.07906	1.96669	0.917742
0.64891	-9.52348	1.11178	2.5248	-4.94102	-1.17459
0	-8.60597	3.57222	-0.291089	-2.34133	0.132986
8.48928	4.47937	-1.05348	-2.13521	-7.15048	-2.85692
2.82586	-10.4429	0.576535	5.27979	-6.31377	-1.66448
-2.14457	7.64549	2.914	-8.49009	6.1284	-1.22782
6.49158	1.9987	1.34965	-0.165461	-2.95872	-2.58007
3.64835	-0.706115	1.40258	-3.22762	-4.76899	-1.5079
1.71094	-6.90028	3.23488	-1.4205	-4.22867	-0.270359
0.569894	-7.9697	3.18129	-0.324479	-2.63935	0.222932
5.83984	-0.693788	0.951273	1.08185	-3.61753	-1.99771
3.93349	-2.28421	1.93616	-1.27678	-3.94835	-1.29282
2.53429	-2.97473	3.52699	-2.94136	-2.00484	0
1.78104	-5.42083	3.89325	-2.21326	-1.87015	0.76051
-1.35573	-9.40244	5.01492	-1.77758	-0.798383	1.18664
-0.100983	-7.99487	1.39696	1.24551	-3.76903	-1.3247
3.34708	-3.86985	1.27221	0.550815	-4.4419	-1.88591
-1.93039	-11.5174	1.29841	2.46696	-3.97433	-0.897163
5.20756	2.23699	2.33408	-4.43305	-2.9396	-0.834535
1.24663	-5.6584	0.670354	0	-4.5453	-1.10762
5.0072	-2.61441	-0.426954	0.892188	-6.77813	-2.43581
1.58185	-5.08553	3.4401	-0.874554	-1.00879	0.224496
-0.0863136	-7.72889	4.3257	-2.66935	-1.91777	1.24479
3.20069	-5.2034	1.72911	-0.622407	-4.94423	-0.491907
2.41456	-6.19647	-1.12051	4.36715	-5.51423	-2.89469
0.508587	-8.1781	3.92154	-1.12501	-2.35062	0.707443
0.745203	-7.72823	0.966733	0.437416	-5.13352	-0.860356
0	-11.5713	3.00409	2.0472	-3.73746	0
2.21812	-6.62709	3.55944	-0.629357	-3.06474	0
3.92493	-2.90585	2.10156	-3.60469	-5.68375	-0.232547
2.55053	-10.1055	1.26072	4.8925	-5.3616	-1.63127
2.24469	-7.6128	-0.0369592	4.11409	-5.17908	-2.17589
2.6689	-3.88288	2.778	-3.15934	-4.19567	-0.128167
1.90888	-8.3351	3.13353	-0.0554148	-2.97815	1.3831
2.23119	-7.95589	1.2102	2.92986	-4.90697	-1.68134
0.208001	-6.43189	3.48914	-2.03889	-1.7368	0.607034
-0.620485	-9.37814	4.17253	-0.491302	-1.5959	0.648548
-0.18518	-10.5458	2.04238	5.18242	-1.68908	-1.36496
-0.845073	-7.17361	5.19968	-2.21597	0.574805	1.04264
3.12955	-4.66006	3.22464	-2.29471	-4.02468	-0.031614
3.79277	-5.01615	0.722282	3.10913	-4.48138	-2.30989
5.63175	-1.91501	1.82543	0	-4.14798	-1.33016
2.44723	-7.76537	1.13791	4.10854	-4.40399	-2.24369
-1.0375	-9.75748	3.17522	1.6575	-1.22183	-0.152791
7.4192	3.61495	1.17325	-2.70748	-4.62995	-2.19365
-0.831398	-7.2299	4.5832	-2.03759	0.189082	1.1854
3.99372	-5.14511	0.281474	3.09987	-5.43527	-2.52057
-0.63341	-8.57992	4.13817	-0.485146	-0.952049	0.491413
0.937248	-8.18508	3.66928	-1.52275	-3.22461	0.930314
3.61395	-5.83772	3.25406	0	-3.55326	-0.234119
0.434129	-6.40188	4.366	1.41687	1.58873	-0.210501
-0.996721	-10.6589	2.46453	2.96631	-2.39956	-0.911198
0.895492	-4.10094	1.03695	2.72994	-0.279804	-1.81363
0.248396	-7.64498	1.57089	3.36327	-1.84868	-1.65389
4.51648	-2.83262	1.63233	3.24779	-1.95886	-2.37407
0.577502	-9.12764	0.400892	4.68705	-3.65351	-1.7291
1.48194	-8.11832	0.794926	2.43274	-5.26001	-1.60077
2.24889	-3.99914	2.32099	0.500272	-2.18436	-1.45176
-0.674294	-9.01136	5.03516	1.69363	1.25422	0
0	-8.66522	6.21559	4.77486	5.42876	0.205036
2.07709	-5.21628	1.32672	3.01333	-2.46571	-2.26434
-1.40288	-7.56066	4.44647	-1.31612	0.0683646	0.285276
4.09338	-3.88429	3.52503	5.32372	2.04441	-1.75015
-0.591113	-8.28318	4.58835	1.93486	1.33016	-0.342069
0.604355	-5.1955	4.07495	1.10422	1.42357	-0.818288
1.41223	-4.80877	4.04859	-2.06374	-1.56195	-0.148195
1.03904	-8.55845	2.71594	2.3378	-2.45434	-0.77309
2.07695	-6.94046	2.08466	2.09123	-3.03149	-0.931803
5.69129	-2.68394	1.09411	1.45428	-5.07349	-2.12046
-1.74254	-10.2597	4.60936	0.801199	0.0125352	0.292535
-2.04638	-3.11507	8.0599	-1.66531	9.24456	0.928935
-2.91353	-7.3273	2.58664	-0.667235	-0.322187	-0.688206
0.690529	-3.89328	5.33154	-3.95451	0.299279	0.575188
1.93739	-3.55146	1.55698	-2.96923	-4.82397	-0.808543
-0.667986	-6.66971	3.96683	-0.53268	0.850262	0.550024
-5.03295	-14.4312	1.11908	3.66684	-2.23593	-0.320733
-0.915761	-5.50941	3.11082	1.64485	2.77362	-0.280974
0.850319	-7.4685	4.28428	-0.670981	-1.24888	0.580055
0	-8.45922	1.50018	2.82701	-2.24808	-0.935695
0.0521929	-7.02256	3.86316	-0.137918	0	0.462227
4.14691	-3.64265	0.136809	0.715752	-5.9837	-1.89935
3.88293	-4.26632	0.166515	6.56348	-0.864715	-2.28473
0	-6.96635	0.635316	2.8364	-1.64334	-1.0213
0.322591	-14.2813	0.380943	7.22665	-5.96768	-1.65745
4.37517	-2.76691	1.86329	-1.59664	-4.7738	-0.771241
1.74257	-8.23038	3.6111	0.209697	-3.2357	0.0715046
2.8494	-6.38094	2.05612	1.66342	-3.55122	-0.890031
5.55836	1.32211	1.90637	-2.98722	-3.97514	-1.57646
1.10963	-3.17258	3.92863	0	2.59437	0.0137858
0.586163	-8.06168	4.6583	1.02927	-0.0416787	0.0606875
3.02679	-7.02751	2.88168	-0.429063	-5.08829	-0.330905
1.42976	-5.38307	2.24529	-2.08524	-4.45148	-0.673086
5.29912	-1.56306	0.712348	-1.27539	-5.99392	-1.45293
2.55849	-1.68433	4.31336	-4.56228	-1.50402	0.0362803
6.26426	0.322616	1.31642	-2.56003	-6.07947	-1.79399
4.8914	-2.97701	1.44613	0.990194	-4.58056	-2.03775
3.28732	-6.24301	3.01084	0.310345	-4.0007	-0.640581
3.57301	-5.58257	3.49136	0.269853	-2.91651	-0.396075
6.83048	-2.75534	0.255264	2.79013	3.04391	6.91622
5.97347	-3.41295	0.970842	2.67187	3.53954	6.57485
7.39765	0.549093	1.53608	1.1992	6.84372	8.25074
9.78984	3.01151	-0.365666	-0.959113	1.09147	6.40657
6.76876	5.44838	1.22997	-0.654194	8.89392	6.79118
6.77818	2.60303	0.320135	-0.222602	4.67137	5.92671
11.7923	3.59866	-2.0032	-1.49276	-3.71222	5.19107
5.16129	6.50065	1.69966	-1.07445	11.1538	6.28077
7.16325	1.07678	1.67673	0.202426	7.1347	8.63864
9.6211	2.47969	-0.87378	-0.479177	1.09243	6.83694
10.2542	6.84805	-1.07334	-2.19685	2.65662	6.52457
8.32172	4.00524	0.807806	-0.277306	6.18481	7.16484
6.15696	-0.877903	0.626193	0.950527	3.88773	6.58305
5.22365	-3.28393	1.11635	2.36656	4.52351	6.82256
4.90948	1.30762	0.892553	0.405017	7.29866	6.80837
8.74388	4.98327	-0.249991	-2.33839	3.16317	6.70587
5.28095	-0.31321	0.890455	1.16121	5.92127	6.72658
11.9048	6.0382	-2.0749	-4.11979	-4.22771	5.0102
5.53423	-3.37042	1.19872	3.07351	5.24476	7.19076
12.3702	9.52819	-2.42	-3.86398	0	6.35358
7.44906	0	0.965938	0.721145	4.18009	7.18226
9.14437	4.33825	0	-2.33219	3.02475	7.37579
10.4144	4.32431	-2.92011	-2.93271	-5.72924	3.39821
7.56465	-0.348184	0.898745	0.532353	3.61859	7.35926
11.7582	3.6958	-1.92793	-1.95634	-3.53045	5.62928
8.41936	-0.115866	0	0.820076	2.08844	7.09182
8.46014	-0.0213931	0.768302	0.543171	3.05627	7.50133
13.0363	11.4523	-1.75367	-7.32925	-1.70245	6.10871
8.44333	-0.302726	0	1.14945	1.91638	6.78235
6.91154	1.03237	0.7408	-0.286001	4.00368	6.64387
9.09991	3.83931	0	-2.15583	2.10391	6.7141
9.76709	3.43477	-0.908707	-1.4781	-0.562859	5.34221
8.64215	-0.463237	-1.24305	0.231673	-0.608134	6.85197
6.47951	-1.79549	0.414696	1.69613	2.72362	6.14118
6.681	0.135213	0.271329	1.32789	4.39566	6.61953
6.08461	-0.737055	-3.023	2.15452	-0.471208	4.57073
10.2793	2.78519	-0.323373	-1.06427	1.2283	7.35994
6.00032	-0.256354	-0.293624	0.433512	3.23364	6.62858
7.72921	0.127502	0.624056	0.874182	4.3673	7.7647
8.02875	0.473107	0	0	2.49569	7.33804
6.75992	-6.74642	-1.67116	4.78197	-2.29205	5.52475
7.69586	0	1.11177	1.02936	5.08507	7.93858
5.13674	-4.86219	-0.957395	4.09295	1.83534	6.0631
8.1068	1.63615	0.39672	0.180103	4.41498	7.58667
8.78494	1.73295	1.01854	0	4.45878	7.74841
7.28732	-1.87635	-0.801176	1.25011	0.505986	6.51889
8.87977	-0.439819	-0.10089	0.969642	-0.126262	5.55328
7.23301	-3.5392	-2.11674	3.07223	-1.73972	5.43649
9.68565	1.8591	0.144355	0.319326	1.91925	6.50544
7.67564	-1.12467	0.326314	1.66469	2.98991	7.09952
8.12969	0.0927669	0.987383	0.626859	3.95936	7.65502
10.3689	2.088	0.294734	-0.596962	1.44036	7.28565
7.51109	2.2662	-0.261033	0	4.53758	7.37325
5.6641	-1.04165	1.2045	1.92588	6.60257	7.44904
7.86019	0.734358	-1.53446	0.932189	0.617061	5.60462
9.68177	8.30973	-0.245656	-4.11366	3.33138	6.17152
7.73656	-2.22426	0.256927	1.03488	0.0417429	5.97416
9.06969	4.08579	-0.0375951	-2.35964	2.00586	6.55358
7.70699	1.25018	0.594954	0.266846	5.14549	8.06246
7.41939	3.2573	0.535472	-0.578911	5.82413	7.24579
8.48231	-4.95352	-1.73315	3.75646	-2.646	6.21324
7.79919	1.41382	0.673464	0	4.03898	6.97847
8.67898	-0.654215	-0.184572	0.919236	1.45088	7.37331
8.85056	-0.228473	0.638271	1.17979	1.76454	6.24431
9.68213	6.7228	0.366118	-1.92265	5.57816	7.29208
7.10368	1.8794	-0.157948	1.7987	5.90542	6.79425
10.6298	7.6457	-1.69303	-2.65483	0.566642	5.07295
6.85355	-3.00599	-0.16608	3.13859	2.06655	6.30702
6.3516	-3.15984	-1.3467	3.33897	0.953493	5.85976
7.62105	-1.02686	-0.770803	2.39039	0	4.40017
7.30165	0	2.17216	3.77086	7.98317	6.57534
3.70715	-4.66205	1.22945	4.55605	6.4554	6.34804
6.34746	-5.94329	3.38975	7.09304	7.1311	6.23361
8.02152	-0.494855	2.52837	3.61415	6.98376	6.57174
3.89837	-6.07031	1.16854	6.03606	6.03159	6.12864
6.98054	-1.81711	0.749235	2.34948	3.85873	6.84447
6.61015	-2.36076	1.03207	3.38975	5.52803	7.44519
6.25533	0.322211	0.473177	0.443163	3.92731	6.15627
5.47615	1.08112	2.68267	2.94505	11.1619	7.11948
4.69822	-2.04412	0.0796252	3.89517	6.4829	6.55282
5.89913	-2.5952	2.31798	5.02034	8.36281	6.77145
5.33515	-2.96613	0.396556	4.51617	5.0551	5.7618
7.69571	0.915914	1.17246	3.8307	7.98562	7.01001
5.70614	-1.96517	-2.15194	3.09475	0.499987	4.52529
7.28408	2.96423	0.157016	1.15409	5.80156	5.9956
5.96031	-1.65109	1.75889	2.89223	7.64703	7.90693
7.4778	1.86563	-1.64352	0.572754	1.44755	5.36501
5.75081	-0.862908	0.735676	1.47466	4.82991	6.46816
7.83554	0.128653	-0.882817	0.784109	1.40462	6.49672
7.12781	-1.38208	-1.56269	2.8758	1.621	6.15289
5.60318	-2.90881	-0.374726	3.54452	3.81535	6.47057
3.608	-7.89107	-2.46381	7.49855	0.399983	4.27234
9.74249	1.05462	-1.19293	1.59425	1.77291	7.4575
7.70321	0.225922	-0.552218	1.31094	2.86602	6.89027
6.98939	-0.357113	1.09344	1.99785	5.34225	6.82896
5.41809	-3.01873	0.734599	2.54531	3.90912	6.3316
9.93245	5.0385	0.83044	-1.55216	5.07359	7.89742
8.07047	2.68124	1.07209	0.423093	6.02035	7.11761
8.01832	-1.79767	0.604575	2.46024	3.00116	7.05391
8.96061	2.52592	0.44071	-0.506401	3.72381	7.46517
10.722	3.59889	-0.0613633	-1.83307	0.235212	6.45406
10.6342	3.34074	-2.94776	-2.00973	-4.63444	4.85091
6.95172	0	0.713796	0.730992	3.58629	6.30981
9.52426	1.68901	0	-0.377067	1.6796	7.14359
7.07816	2.14072	0.970745	-0.326883	5.45246	6.95317
4.97563	-4.31933	-0.922216	1.69625	-0.206016	5.61738
8.26875	-1.00589	-1.36077	0.332439	-1.39523	6.20082
5.68338	-2.53745	-0.25357	1.69408	2.09453	6.15356
6.69165	0.166135	-1.63383	0.500934	1.0621	6.0123
8.47112	-1.10595	-0.398689	-0.46703	-1.00986	6.73887
6.65484	-2.91453	-0.520088	1.19352	-0.102847	6.0895
7.77732	-1.41655	0	0.927868	1.0463	6.60003
5.90452	-3.74869	-2.72894	2.00385	-2.30372	5.45279
8.4319	-1.38966	-2.7881	0.225956	-4.96446	4.70819
7.38735	-2.28185	-1.16547	0	-2.29818	5.83625
6.45582	-0.553505	-0.642051	1.33633	2.01228	5.56763
6.66065	-2.16641	-1.32024	0.631714	-0.737658	6.1076
7.18342	-0.821839	-0.027618	0	1.60677	6.91833
7.03139	-1.27904	0.344072	2.12657	3.98198	7.10986
6.50402	-3.15431	-1.29462	1.62093	0.150395	6.86093
8.47619	-0.459021	-0.40136	0.261619	0.70168	7.09851
7.40522	-2.33454	-0.867182	0.106807	-1.79694	6.00706
8.04263	-2.50156	0.0533373	1.43219	0.142305	6.49211
6.12877	-4.79685	-2.14463	2.02217	-3.38077	5.00011
7.46169	-1.7501	-2.31348	-1.13648	-3.70048	6.31764
6.99948	-1.74464	-0.184764	0.620115	1.43223	7.05637
8.40797	-1.27458	-0.795532	-0.63302	-2.35258	6.02051
6.46163	-1.35709	-0.555706	0.330252	1.01204	6.34446
6.73928	-2.8665	-2.86583	0.325912	-5.5726	3.83538
7.74818	-2.84248	-1.5415	0.572644	-3.69966	5.14603
7.0273	0.378885	0.185626	1.21137	4.81778	7.35989
6.61859	-1.92355	-0.448003	0.708514	0.261337	5.81513
7.8425	3.32401	0.277451	-1.79528	4.67346	7.96326
6.4449	-0.408283	-1.16736	0.377548	1.82225	6.76939
8.6891	-0.657031	-0.808272	-0.961656	-1.76156	6.65845
6.98335	-2.52868	0.837863	1.91665	3.06154	7.10441
7.0683	-1.76824	0	0.748469	1.66095	7.05518
6.5456	-0.108642	-1.18764	-0.0605123	1.41774	6.59896
6.36917	-0.147242	-0.521305	-1.06925	1.14126	6.50768
6.05639	-0.779723	0	0.636487	3.53858	7.02867
7.19124	-0.134334	0.174177	0.735233	3.94509	7.69381
7.32568	-2.53108	-0.641672	0.0460922	-0.7477	7.04954
6.56	-4.41531	-2.42299	3.13519	-2.51252	5.13806
6.84088	-1.18582	-0.505697	0	0.804377	6.62565
7.25428	-2.1657	-0.124603	1.58721	1.12104	6.36123
4.45039	-4.4084	-0.79722	2.30863	0.889332	5.53109
9.81879	0.249819	-0.733578	-1.05026	-1.72221	6.9101
5.94946	-4.22022	-0.812071	1.60274	-0.797744	5.91684
7.80799	-1.51682	-0.914207	0	-1.10363	6.43184
5.91389	-1.739	0	1.34004	2.71723	6.30189
6.87129	-2.14309	-0.573246	-0.158378	0	7.08629
5.50834	-5.35672	-1.20102	4.70904	-0.491348	4.16794
6.62126	-4.97822	-1.96015	2.55713	-2.38708	6.03981
7.79681	-1.37814	-0.759839	0.610999	-0.61481	5.99384
7.15008	0.502237	-0.565661	0	2.67737	7.19696
6.05182	-1.78446	-0.944884	0.746763	0.964249	6.3102
7.78421	-1.65787	-0.390977	0.520132	0.543675	7.18512
7.43584	-2.04615	-0.79605	0.171763	-0.651917	6.77424
5.4878	-7.45966	-2.68999	4.4142	-4.19983	4.45236
6.97458	-1.6176	-0.674142	0.357845	-0.145121	6.04272
5.13219	-3.78	-2.19962	2.09598	-1.13268	5.22199
8.15465	-1.2296	-0.388629	1.45488	0.6088	6.21517
8.34058	-1.0207	-0.809865	0.249491	-0.642755	6.60164
7.47929	-3.04043	-0.934032	1.63214	-0.804204	6.33486
7.63142	-4.24258	-2.65046	2.76289	-3.66483	5.47982
7.48484	-1.6432	-0.347873	0.792009	0.988948	6.98452
8.34719	-1.39715	-1.33893	0	-1.9098	6.50396
8.56668	-0.259368	0.046724	0.212	1.94604	7.82632
6.27586	-1.01337	-0.497237	0.166818	2.14632	7.06714
6.75587	-3.13039	-1.15978	2.63163	-0.148932	5.5689
6.6741	-4.71874	0.592591	2.66641	0.559825	5.99845
6.89408	-2.08999	-0.420954	0.152601	-0.779717	5.72543
5.66885	-4.58185	-0.649514	2.47956	0.788066	6.56692
8.72121	0.172925	-0.737285	-0.109754	0.356709	7.05636
9.65326	2.87849	-1.08439	-1.63353	-0.971959	5.71652
5.85218	0	0.673482	0.946718	5.63234	7.11705
8.00418	-0.326195	-0.894774	0.0789634	-0.0625217	6.35089
10.3611	1.69552	-0.892644	-1.48213	-3.89088	4.31568
6.81454	-2.24645	0.381138	1.08095	2.18126	7.07242
6.39301	-3.79768	-1.53874	2.39759	-0.643117	6.03584
8.67442	-1.04311	0	0.193483	0.545547	7.37666
5.97547	-3.52197	-1.61859	2.90249	-0.192944	5.39024
5.78908	-2.66266	0.185109	1.4514	2.26233	6.35452
6.75747	-2.39641	-0.529787	1.18935	0.508437	6.29124
5.86782	-1.08216	0.423369	1.89848	4.92394	6.84236
6.91545	-4.36297	-0.134128	3.42815	0.804536	6.14422
6.79596	-3.86531	0	3.42035	0.198362	4.75779
7.90928	-3.1347	-1.30726	3.46391	-0.515325	5.755
6.34303	-4.76578	1.86752	5.43161	5.13454	6.25241
5.78785	-2.50711	2.5853	4.62544	8.31899	6.64143
7.97632	-2.69077	-1.29286	2.34079	-1.56956	5.4098
8.19996	-0.644822	0.535804	2.81739	3.68257	6.45783
8.52585	-3.28196	2.50139	4.09097	4.53911	7.03991
8.58808	-1.51038	2.163	3.86948	5.1806	6.48987
6.55716	-3.32874	0.601172	2.79029	2.45735	6.25073
7.88895	-2.80932	1.46627	3.75749	4.02183	6.77443
5.43138	-3.41479	-1.25577	2.36844	-0.935621	4.07358
9.14359	0.879421	0.00602225	0.883969	2.78337	7.50427
5.37682	-3.43876	0.821401	2.97093	3.07641	5.34416
3.36992	-5.32994	-0.722999	3.68689	0.838957	3.8491
6.96484	-1.12758	1.0133	1.12539	3.23668	6.40715
5.55725	-1.52209	1.0857	3.71687	6.85802	6.37066
6.58785	-0.832472	0	2.86268	5.323	7.20126
7.1889	-0.958803	-0.263052	1.04251	1.30422	5.91951
4.77172	-5.14994	-0.32245	4.84722	2.89225	5.65114
6.97272	-2.30271	-1.03307	1.2477	0.403504	6.79669
5.05226	-1.91857	-2.19759	1.0675	-0.479854	4.9125
6.32854	2.28703	-0.0237271	-0.516123	5.55025	7.39447
7.45432	-0.714379	-0.56518	0.817866	0.738406	5.9044
7.34164	-0.34704	-2.67028	1.05522	-1.97103	4.60825
6.06116	-2.14822	0.29259	2.75806	3.55353	5.96023
8.73652	0.956482	-1.79951	-1.05749	-1.28113	6.6627
5.12614	-6.29912	-3.2292	4.49673	-2.62217	4.9608
6.49383	-2.78328	-0.755047	2.29839	1.70336	6.77714
8.05451	-1.13982	-1.16771	0.406042	-1.11608	6.1329
8.33816	-1.43834	-2.21022	0.948811	-2.42636	5.98744
6.81158	-1.47026	-1.88768	0.076181	-1.20855	6.22653
8.34054	1.50707	-0.657899	-1.01818	1.2374	7.02482
7.16502	-2.36231	-0.0519991	0.826526	0.380677	6.41521
6.19796	-6.13932	-2.2528	2.11275	-4.50582	5.35537
6.86608	-1.31661	0	-0.132949	1.59402	7.2106
7.06816	0	0.487966	0.249883	3.84146	7.43761
6.82773	-2.48217	-0.197899	1.86525	0.779827	5.6982
5.9684	-3.59746	-1.65138	1.64536	-0.86106	6.05629
8.65166	0.59017	-0.796564	-1.32358	-0.327284	7.15469
6.33846	-1.51052	-0.0140233	0.470899	2.75565	7.47465
9.34619	-0.418579	-1.27735	-0.0481241	-2.55808	5.80966
6.44899	-1.43147	-2.06389	1.30617	-0.304068	5.65771
6.71408	-3.76783	-0.859197	1.46782	-1.67439	5.49761
5.43302	-1.64469	-1.07722	2.26337	1.74705	4.89533
0	2.20026	-2.78416	-5.69143	-3.07662	0.292956
-4.37687	-1.66495	-0.739081	-1.16957	4.46964	0.737875
-5.30195	-1.54752	-2.28234	-5.14302	0.107331	0.858961
-8.15709	-0.495448	-2.47153	-6.2952	3.05754	1.22853
-2.94049	-1.48737	-2.27683	-1.66174	0.427112	0
-5.75417	-0.929958	-1.34418	-6.47309	1.71754	1.79224
-7.61347	-1.70457	-1.71444	-4.69174	3.17305	0.736251
-3.44607	-2.17209	-2.52513	-3.99659	-2.48014	-0.127965
-2.63461	-1.05953	-2.42985	-4.9664	-2.78581	0.139976
-2.53361	1.20431	-2.05044	-3.65945	1.3357	0.3813
-5.96374	-2.26574	-1.81882	-5.07721	0.770575	1.05214
-0.820824	-1.55385	-2.87563	-2.42973	-4.37721	-1.20532
-7.78611	-3.5676	-1.02386	-4.60596	2.82477	1.33167
-4.91467	4.06684	-1.47118	-4.95148	4.44743	-1.08888
-2.74638	-2.16428	-3.48739	-2.49818	-2.34171	0.168431
-5.9957	1.19599	-4.68433	-4.3642	-0.243951	-1.28435
-7.39243	-1.0919	-1.25015	-6.2372	3.16368	1.41328
-4.78133	-2.96202	-2.9539	-2.21874	-0.585587	-0.105041
-8.33489	-1.50454	-1.18164	-5.63889	4.01792	1.06886
-1.99773	-0.835063	-3.39021	-1.03533	-2.30047	-1.94893
-4.76521	-5.28546	-4.37069	0.0672532	-3.00818	-0.990053
-9.40237	-0.79736	-1.28277	-6.06892	5.86961	1.68213
-8.72788	-1.26067	-2.23359	-6.21583	3.05899	1.12547
0.78714	-2.49129	-2.40162	1.72269	-2.79346	-1.69675
-7.79589	-0.0118814	-2.0524	-6.85814	3.07207	1.2611
-1.56051	-1.99187	-2.13545	-3.65559	-3.30993	0.0289784
-4.97535	-0.153361	-2.49525	-6.24029	0.228403	1.21096
-2.76543	2.34469	-2.18351	-7.09045	-1.13083	0.0686019
-7.98036	-0.504084	-1.50215	-6.7785	3.62834	1.49384
-3.694	-0.886241	-1.24758	-2.50391	2.89097	0.912316
-4.66225	-2.17924	-1.72309	-4.65813	0	0.959919
-7.48023	1.2774	-1.15449	-4.84399	6.88861	1.15656
-3.45829	0.423853	-1.70512	-6.36459	-1.12247	0.130164
-7.79204	-0.516112	-0.920208	-6.09886	4.38193	1.15124
-7.41907	-6.90461	-2.8849	0.0473302	0.256056	-0.248638
-4.88728	-2.43245	-1.56412	-3.93141	0.230265	0.347574
-1.57262	-1.2473	-2.51846	-3.08988	-2.99288	-0.60044
-4.84132	-2.07378	-1.21522	-1.54698	3.19685	0.264468
-3.84694	-0.695578	-0.33968	-2.0537	4.20881	0.512348
-6.03132	1.84117	-0.88886	-5.18793	5.53838	0.74621
-4.81324	-3.18716	-1.0713	-4.18766	2.66666	3.44442
1.94131	1.99245	0.332814	3.47022	6.06895	-0.67713
-0.682613	-1.1293	-3.37786	-1.46447	-3.39961	-0.988916
-3.47329	-2.7071	-3.09235	-1.07049	-1.67574	-1.1171
-3.15055	-5.71485	-3.20873	0.319187	-4.02798	-1.38301
-3.54419	2.36224	-1.07793	-5.49969	2.98466	0.66346
-9.33356	-5.60033	-2.71751	-1.54915	2.67066	0.34764
-6.23108	-5.27048	-3.6739	-1.06965	-0.569451	0.399771
-6.16519	0.702064	-2.4463	-6.89827	1.46509	1.00053
-7.45669	0.353371	-2.21046	-7.0484	2.51063	1.01718
-6.26902	-1.78317	-1.7659	-4.10531	2.52057	0.979843
-1.85149	-5.53486	-3.44541	1.87001	-4.12585	-1.65387
-6.2893	-1.14051	-1.42635	-5.25004	2.6549	1.25263
-1.37493	-0.271721	-1.65828	-5.18088	-2.35286	0.4467
-3.71933	-0.839988	-2.11992	-3.43895	0.690711	0.459555
-3.92615	0.844818	-2.23037	-6.67299	-0.546629	0.623893
-2.05804	-2.57675	-3.3997	0	-2.18097	-1.11692
-4.15826	-1.35291	-2.53063	-5.08205	-1.55426	0.337183
-2.31136	-0.604318	-2.35816	-5.57336	-2.69355	0.609142
-7.57777	2.49222	-3.12564	-8.10398	2.87016	1.07965
-7.70156	-1.41878	-2.33158	-5.55189	2.7739	1.46474
-5.70412	0	-1.39963	-5.02605	2.54768	0.299934
-3.30955	-3.51636	-1.60336	-1.65822	-1.02692	-0.43502
1.49602	0.858003	-3.09947	-0.43316	-3.38808	-2.07838
-2.0206	-6.01069	-3.39947	0.654342	-5.29935	-1.33498
-6.07591	-0.965857	-1.00593	-6.214	2.32924	1.50206
-6.88946	-3.20263	-3.0836	-4.03262	-0.111039	0.430887
-6.33152	-0.9236	-1.94168	-5.64798	2.03714	1.29739
-3.96798	3.96027	-2.22779	-8.94137	0.571792	0.808331
-8.59992	-0.695391	-1.21878	-6.38638	4.99573	1.74736
-1.35365	3.81364	-1.62474	-5.59336	0.908847	0
-4.81009	-0.671016	-1.09737	-5.33905	1.37003	0.71785
-7.06431	-1.27832	-1.49557	-6.11749	2.71398	1.60796
-8.2606	-0.876453	-1.56843	-6.26724	4.01091	1.51881
-0.432485	-2.3097	-1.82755	3.22057	1.25152	-1.12394
-3.37822	-1.03971	-1.97436	-0.987308	1.16792	-1.0426
-3.91209	-4.68843	-2.75176	2.0455	0.95061	-0.372566
-5.10457	0.353214	-2.02883	-5.33992	1.19343	0.256481
-10.9668	-1.28693	0.847201	-3.68838	11.8459	2.0174
-0.599674	0.761417	-2.44643	-1.26433	-1.41572	-1.86062
-5.32619	-2.49335	-1.97904	-4.07677	0.439112	0.879493
-3.04673	-1.81303	0.322729	-1.09771	3.91513	0.479693
-6.60109	-4.22185	0.497355	0	6.76652	0.937018
-6.48617	-0.0181914	-1.27915	-4.16317	3.94803	-0.0099449
-1.60742	-2.28664	-1.42472	-0.456654	0	-0.364154
-6.69084	-1.1326	-2.08753	-5.63342	1.60393	0.833978
-7.50713	0	-0.226301	-5.42596	6.51259	1.72806
-4.9108	0	-1.41611	-5.79872	1.07958	0.426529
-10.1484	0.72987	-0.165593	-5.78295	9.46232	1.50025
-9.37291	0.11182	-2.27731	-6.37931	5.02976	1.25158
-7.73036	-1.16842	-1.09556	-4.93392	5.09014	1.61288
-9.10522	-2.40475	-0.935104	-4.14975	6.15814	1.59811
-5.56315	-2.0317	0.0619329	0.488133	8.07046	1.00931
-9.34775	-1.48805	-2.90831	-3.35483	4.50164	0
-9.11794	2.29621	-1.40907	-6.08932	8.22038	1.31
-8.69226	2.91913	-1.6293	-8.14726	6.1277	1.2796
-9.43999	-0.616792	-3.42031	-4.79285	3.7529	0.210145
-8.70759	-2.95716	-1.70532	-4.00036	3.58498	0.601549
-6.31832	-3.00656	-2.10665	-4.03548	1.45678	1.38314
-8.50849	-3.94609	-4.8291	-0.641475	1.2409	-0.702793
-5.71385	-1.72768	-1.82185	-3.66837	2.07378	0.638402
-6.64366	-1.77877	-2.19345	-4.63884	2.04138	1.11236
-5.84657	1.32774	-1.88546	-6.98331	2.12233	0.86271
-6.50006	2.28011	-1.37885	-6.62467	4.17243	0.372852
-7.08002	-2.04798	-1.10239	-3.42301	4.7243	1.29
-5.83913	1.65106	-2.17858	-8.52632	1.06297	1.33065
-9.43198	3.54678	-1.82288	-9.22463	6.53274	1.61354
-1.6917	0.68447	-3.86297	-2.86768	-1.48996	0
-7.06473	-2.37557	-0.736936	-4.11405	4.02321	1.2297
-0.785579	5.55932	-2.02378	-9.62843	-2.44819	-0.154821
-8.71176	-1.89987	-1.2246	-5.61865	4.51012	1.61056
-3.86375	-0.245809	-2.54492	-7.24323	-2.27206	0.979826
-8.43089	-2.67797	-3.15648	-5.23598	1.3221	1.09532
-2.14696	-1.83749	-3.45869	-2.55881	-3.42378	-0.612086
0.504329	0.173331	-1.83511	-2.19602	-2.64856	-1.20872
-6.26807	0	-0.584523	-5.56171	3.77689	0.685137
-1.87053	1.68333	-0.822444	-5.96823	-0.263423	0
-5.47844	0	-3.86563	-1.9251	0.375549	-2.23668
-6.65325	-4.37501	-2.18638	1.81062	2.73539	-2.09178
-8.14729	1.4057	-0.417314	-6.62096	6.32579	0.811587
2.02166	4.22365	-2.51155	-1.6017	-1.32013	-2.39067
-8.60271	7.9543	-1.60513	-9.37567	8.83852	0.152985
2.69655	17.089	0.207137	-8.92306	6.13147	-2.78825
-12.0601	2.55941	0.247376	-8.43363	12.0598	2.64133
-8.52757	-0.242708	-1.77441	-5.73252	4.91302	1.16811
-6.18532	2.64341	-1.8736	-7.382	3.58444	1.00022
-9.57726	-1.58766	-0.171493	-5.16327	6.83753	1.22144
-0.901368	5.38931	-1.1258	-6.82319	0.610219	-0.767467
-10.5128	-1.41577	-0.166855	-6.47474	7.54183	2.13364
-7.40145	9.41968	-0.332932	-10.0664	8.84635	-0.753472
-8.97827	3.20255	-1.3625	-7.429	6.90456	0.476478
-11.4314	2.27152	-0.999518	-8.00047	9.42498	1.73271
-9.8132	-0.345856	-0.390265	-6.45163	7.34779	1.77644
3.79372	8.25176	-2.51888	-9.3615	-5.5473	-1.12446
-10.1953	-1.24563	-0.197902	-3.99982	8.55057	0.805103
-7.7147	-2.15809	-1.68728	-2.63947	4.31859	0.160646
-2.94466	9.14974	0.515848	-7.73719	6.22403	-1.78179
-5.23574	0.992003	-1.07167	-5.11328	4.04355	1.00848
-7.90624	-4.07599	-1.01678	-2.53751	3.81602	0.641858
-3.89297	-0.304631	-1.79426	-4.03022	0.675347	-0.0264827
-5.97524	2.50008	0.135896	-3.00917	9.07559	0.438854
-3.34927	0	-1.61808	-5.37978	-0.405796	0.282997
-6.53715	3.56412	-1.07599	-8.0374	4.7336	0.712247
-6.75184	0.924166	-0.647442	-4.08308	6.00121	0.0530686
-0.40373	3.06331	-3.5099	-3.61842	-1.87605	-1.15719
-4.77604	0.428116	-1.71256	-4.01542	1.788	-0.653242
2.28506	4.81467	-2.6976	-1.65805	-1.61607	-2.65593
-7.36627	1.1909	-2.99875	-6.54919	2.63738	0.683519
-5.42881	-7.38451	-3.08099	3.62001	-0.289357	-1.69546
-6.55444	1.66605	-1.29864	-7.15529	3.65723	0.910533
-4.95148	4.77938	-3.99607	-7.72209	0.657125	-0.32553
-2.96847	1.01672	-2.25749	-5.93226	-1.44992	-0.198836
-3.64278	10.7186	-3.019	-12.3234	2.12714	0.00706993
-9.29394	1.45911	-0.963906	-7.43778	6.77357	1.42361
-2.86001	-7.30845	-3.02106	2.20006	-4.20622	-1.70234
-6.71785	-1.00313	-0.686354	-4.14355	4.52347	0.678986
-5.41619	1.95432	-1.44967	-8.51101	1.58217	1.19909
-6.10506	5.3336	-2.41276	-10.8259	2.42215	1.21093
-5.37574	-1.71787	-1.81884	-4.24083	0.523377	0.00302328
-7.30831	-0.156681	-1.25732	-5.18752	4.56496	0.883708
-6.12749	1.43448	-3.48295	-4.36478	2.01832	-0.651526
-7.33539	3.4613	-1.54141	-6.98974	6.03014	0.741588
-7.95844	1.07127	-0.0806407	-4.88986	7.81877	0.732638
-1.54188	1.61014	-1.2121	-5.25439	-0.677212	-0.331296
-6.74102	6.52273	-3.06497	-10.843	3.45868	1.08368
-7.39602	0	-1.54227	-2.33611	5.56551	-0.953446
-9.72733	4.37923	-0.158038	-7.85025	9.92747	0.756762
-7.68583	-1.46213	-0.684078	-2.64764	5.97812	0.11998
1.17412	-0.0133582	-2.03403	-0.214999	-3.10317	-2.55792
-9.27028	-3.03979	-1.49125	-3.37887	4.9516	0.668469
-3.9058	3.71792	-0.825678	-6.32869	3.17132	-0.338252
-9.52553	4.65634	0	-8.09555	9.89517	0.722066
-10.4727	0	0.0206121	-4.94291	10.2899	1.75196
-1.33166	2.55257	-1.31352	-3.71013	0.228513	-1.60381
1.19193	3.18343	-2.10048	-5.30797	-3.53482	-1.06571
-4.41922	1.93857	-0.909245	-6.48181	2.29914	0.337459
-6.62739	4.15414	-0.812307	-7.55357	5.78038	0.309303
-7.30683	3.51479	-0.513487	-9.26246	5.86768	1.7895
-5.64823	-1.59567	-0.417098	-5.0372	2.5961	1.02957
-7.98989	5.73329	-0.405684	-9.63472	8.01364	1.25214
-9.53947	2.0595	-1.00941	-5.95973	8.25927	0.677311
-5.82504	0.453935	-1.72337	-2.77556	4.2934	-0.414719
-11.0861	1.98974	-1.21121	-6.07969	10.6389	1.90497
-5.16377	-1.71143	-2.33919	-0.350222	1.6224	-1.99227
-7.39396	-4.03177	-0.716444	-0.510784	5.00825	0
-6.64818	-3.51078	-1.99585	-1.80475	2.52833	0.325351
-5.35992	0	-0.750821	-3.6521	3.96123	0.120037
-0.926417	4.35	-1.89901	-4.46413	0.522119	-1.22025
-4.50423	0.67633	0.327051	-2.06018	5.86778	-0.605067
-10.9743	-2.20192	0.181735	-3.7401	9.65357	1.52872
-8.15667	-4.41377	2.63838	1.66181	12.0373	1.03413
-7.21174	-2.85983	1.12663	-1.00342	7.98767	0.526985
-9.02397	-4.53935	0.298959	1.23456	9.18499	0.249779
-5.87985	-3.26791	-0.560742	1.38431	5.51804	-0.889974
0.635733	8.15378	-1.31727	-6.97143	1.57245	-0.767
-9.38729	-0.965743	0.690718	-3.31212	10.1311	1.32744
-11.5898	-3.60691	-1.25691	-2.68644	7.33979	0.354658
-10.8403	0.834496	0.0258104	-5.42882	11.203	1.91276
-7.10024	1.03879	-1.18831	-4.58688	5.36923	0
-12.5762	1.58777	-0.591579	-6.25641	11.9535	1.6431
-10.0572	-0.745421	0.315727	-3.64446	10.6045	1.63413
-7.50612	-0.99078	-1.67445	-1.65436	6.36188	0.208797
-11.1198	-0.724008	-0.00488353	-4.98618	10.0166	1.63756
-1.90734	0.830746	-3.11531	-3.70322	-2.09164	-0.944747
-7.01124	-4.60994	-4.029	0.828798	0.376708	-1.69708
-8.18159	-1.82877	-1.27018	-3.40319	5.84086	1.20438
-12.156	-3.84374	-2.81089	-0.771021	7.88287	0.250126
-7.75768	-3.60727	-1.77494	-1.76352	3.44043	-0.103629
0.595912	-0.480887	-1.99113	5.7576	2.69669	-2.86117
-9.24757	1.26614	-0.242712	-5.91392	8.57837	1.19811
-8.55418	0	-0.359322	-3.61757	8.56322	0.993889
-7.98983	3.10879	-0.0790075	-7.68085	7.69515	1.31694
-7.1814	3.75643	-0.257017	-8.31807	6.73165	1.34615
-4.1173	1.08067	-0.68618	-3.9066	3.5861	-0.0163339
-3.30202	1.55311	-0.652628	-2.79984	4.20643	-0.179963
3.63463	8.42822	-0.45477	0.8906	5.66622	-2.47618
-8.15	-2.30552	-2.04659	-4.83348	3.02815	1.15493
-5.95959	-0.0532143	-0.479594	-4.26446	4.19356	0.0231553
2.57623	4.06221	-2.40553	-5.52474	-5.18625	-1.69373
-4.48967	2.07178	-0.902441	-6.65423	2.44182	0.434724
-6.88596	3.41897	-0.520647	-6.26912	6.7203	0.143939
-4.30373	4.36053	-0.432163	-5.71889	4.97842	-0.550806
2.71402	-2.47256	-0.0188928	5.83098	1.16499	-2.35442
-1.15586	-4.23905	-1.52367	1.34765	-1.47623	-1.06759
4.32028	5.27185	-0.78353	2.52168	2.83237	-2.77876
5.4598	6.82841	-1.11533	5.11565	3.83038	-4.3982
4.99473	0.540994	0	4.61762	-0.150771	-3.22729
3.78528	-2.53705	-0.0157869	5.6548	-0.147706	-2.3347
6.47857	5.31165	-1.61631	5.64958	2.5809	-3.14862
0.0875104	4.53808	-1.29041	-3.91276	1.71192	-0.552971
-3.10713	5.09776	-0.0675565	-7.73972	3.81231	0.369813
-4.42374	1.58523	-1.49565	-0.477483	5.62279	-1.4028
-0.132664	9.08918	-1.27262	-3.08985	5.39822	-2.54653
1.13337	5.36764	-1.42519	-3.76889	0.909387	-1.14651
-0.255676	2.79825	1.39924	-0.5362	4.45721	-2.51391
0.0305527	6.69378	-1.47169	-4.48915	2.44575	-1.2811
-4.08523	3.94356	0.044911	-0.940759	8.4583	-1.69354
-5.76712	-1.63178	0.482528	-3.35303	5.12404	0.931557
-1.77532	-2.13064	-1.80719	1.74346	-0.0587253	-2.56297
-0.447256	-4.26849	-2.12136	4.68596	-1.09294	-2.6631
2.51165	6.94403	-2.24011	-4.08968	-1.5134	-2.61821
0.923082	2.36677	-2.46903	-3.70176	-2.58241	-0.806963
-2.776	5.74623	-0.778248	-5.69607	4.77945	-0.303405
2.96754	2.99177	-1.88513	0.264391	-0.93129	-2.26274
1.13078	-4.49223	-1.10755	2.73797	-2.90634	-1.74598
3.96833	6.353	-1.15666	-2.99117	-1.14741	-2.33966
-4.57706	3.93033	0	-5.63485	5.45906	-0.439034
2.95947	5.78757	-1.98377	-3.94892	-2.37907	-2.19703
-1.49801	7.49493	-0.814153	-7.23676	2.90003	-1.10432
-1.21822	-3.71121	0.441388	4.55389	4.08189	-1.31583
-6.04298	-2.24134	-2.15101	2.99731	5.76129	-1.80757
4.01856	0	-1.99232	6.33474	-0.480739	-3.61632
-2.242	-3.99016	-2.66152	4.32291	0.292413	-2.46639
-1.16124	-0.661462	-0.266112	0.711124	2.10629	-1.78861
-1.33364	7.1175	-1.10482	-6.03094	3.00701	-1.30246
-0.374967	0.679054	-4.27575	3.25898	-1.25664	-4.14414
4.66012	0.712913	-1.52632	8.82361	2.58425	-3.57065
-4.9734	6.26082	-1.19615	-5.55998	7.19691	-0.311317
-1.85518	7.30693	-1.39047	-8.3735	1.36116	-1.05507
-1.46938	-3.85079	-2.87823	3.55495	-2.2512	-3.36727
4.39271	0.481773	0	5.86814	2.44541	-2.38464
4.53088	2.69416	-3.76737	6.12286	-0.750986	-4.08259
-1.89316	0.528987	-0.562713	-0.423728	3.7999	-0.58817
0.742214	-0.21832	-1.59897	-1.2424	-1.75373	-0.848334
2.14517	-3.51079	-1.90466	3.78436	-3.85753	-2.88796
-0.541205	3.78732	-2.91202	-3.76522	-1.00415	-1.58238
5.92799	2.13115	0.0711038	9.70295	5.80667	-3.0234
5.2469	2.1108	-0.826726	6.17871	2.37032	-2.73812
3.06335	-4.13464	0.333488	10.005	3.51879	-2.45767
0.722386	2.25098	-2.99117	4.36778	1.83461	-3.92931
1.29908	0.585714	-0.534026	4.26866	3.45224	-2.51894
1.52682	0	-1.51653	-0.409656	-2.36444	-1.82858
-3.48543	-1.91995	-1.40134	1.91991	3.41798	-1.62027
-0.603425	16.5568	1.24449	-11.2358	8.17811	-2.24864
2.35678	3.68498	-2.60969	2.33428	0.608367	-3.38643
-0.122295	-2.84594	-1.26427	5.98673	2.06638	-2.82285
4.61633	14.5812	0	-3.64997	6.2393	-3.20847
-7.71246	0.29645	-0.0575167	-4.3483	6.92688	0.337215
-0.978572	-0.103198	0	-0.514453	2.43556	-0.888148
-4.05459	4.30926	-0.500576	-2.80078	7.31574	-0.711511
-1.55224	-1.53531	-1.30575	2.58269	2.50755	-1.72564
-0.410714	7.24545	-3.84839	-5.7942	-0.62383	-1.62138
-0.725854	-1.88596	-0.955586	1.42349	0.765708	-1.49565
1.13967	-4.60254	-0.321242	10.4286	4.37024	-2.83338
-1.04809	-0.811388	0.258514	1.28909	3.45056	-1.29322
-3.52954	3.20484	0.848691	-0.513767	8.84011	-1.31823
0.706221	1.94368	-1.24975	2.50434	1.93633	-3.36916
-5.07043	1.11069	0.753462	-1.23527	8.11825	-0.552562
-3.03872	-3.97181	1.27041	3.57651	5.32434	-1.54138
2.67464	11.9667	1.11765	1.25147	10.8888	-3.92679
-2.35216	-5.15217	0	4.25875	2.0815	-2.24457
1.06147	-7.6577	0.246512	8.4941	0.11164	-2.72081
-6.00045	-1.66339	0.305514	-0.845808	6.06124	-0.645132
-8.12111	-0.00956518	-0.491992	-3.11334	7.65052	0.152132
-0.249536	-0.880516	0.311369	-1.98712	0.526003	-0.13698
-5.37752	-3.46058	-1.47066	0	2.38576	-0.954003
-2.91364	3.77421	0.679103	0.758093	9.68537	-1.50209
-1.70449	2.54344	-2.19678	-3.40707	0	-1.61394
2.53677	-0.888167	-0.235016	9.92714	5.86668	-3.34978
-7.10658	-0.851089	-2.67065	-2.40725	3.59523	-0.477813
-5.55938	1.96265	-0.853776	-2.67759	6.51367	-0.498057
0.0536684	1.30621	-1.30272	-3.60851	-1.67859	-0.96345
-6.55007	-4.05976	-1.74301	-0.153291	3.22829	-0.250498
-0.43997	2.20022	0.678873	1.97381	6.5939	-1.70584
-0.80285	-2.86515	-2.50653	2.05517	-1.19922	-1.57074
-5.51229	-1.6537	-1.78881	-0.59583	3.50764	-0.937966
3.56977	-1.07862	-1.86022	8.28259	0.916255	-3.66765
-2.11785	0.0561058	-1.69016	-1.25217	1.04659	-1.14336
1.20323	3.94657	-0.154221	-5.40549	0.701443	0.539828
-4.22361	1.19132	-0.729914	-2.88194	4.28971	-0.491346
0.52676	1.21398	-1.50318	1.49313	1.32721	-2.31088
-1.16371	1.24568	0.00520576	0.95137	4.80146	-1.55464
4.52486	7.27921	-1.84804	-2.88384	-1.38381	-2.36318
2.17667	5.5907	-3.56472	-3.81116	-3.05384	-2.00385
0.335087	-1.59464	-0.00164895	2.30898	1.47806	-1.84743
3.65458	3.42242	-1.05714	0.301774	-0.128372	-2.0869
2.24904	-2.7996	-1.8203	4.06628	-2.68437	-2.70358
2.26536	2.13246	-0.411433	7.18407	5.97135	-3.52702
-2.92102	-2.73703	0.315771	-0.839905	2.62293	0.0177968
0	-3.71358	-1.54166	1.09459	-2.14523	-0.859514
1.46061	-2.07952	-0.49825	1.99225	-0.340125	-1.23593
1.46465	2.02655	-3.75109	-1.41308	-4.00616	-2.30257
1.24793	0.0100814	-1.7233	-1.05128	-2.51325	-1.41008
-5.98526	7.15521	0.300888	-2.03396	13.3331	-1.17913
6.06987	10.1734	-2.65866	-1.00279	0.158665	-3.31412
-0.101426	-6.72251	-1.0246	0.387293	-4.74607	-0.31064
-2.93486	-5.46182	-0.143723	0.32518	0.544209	0
-1.61043	0.915337	-0.467753	-1.84461	2.70625	-0.478568
-3.09935	1.90043	-0.435992	-1.38128	4.65024	-1.53079
4.06267	3.45895	-1.69436	-2.7907	-3.53468	-1.3934
-0.719897	-1.63433	-2.58181	1.55343	-1.43215	-2.39046
-2.42122	-4.02148	0.19194	-0.351233	1.27696	0.10259
2.85398	10.9123	0.454703	-4.44124	3.82649	-3.36524
-1.50971	-5.55536	0.364527	1.98661	0.256246	-0.954578
-3.43947	-1.80222	-1.57215	-0.895917	0.973612	-1.1244
-0.587753	-0.518427	-1.56442	0.672681	0.50677	-1.57636
3.71733	8.20572	-0.312785	-0.161396	4.77919	-2.25764
0	1.00658	-0.354168	-4.55902	-1.03385	-0.108324
-3.9499	-9.07757	0.50864	3.27212	1.75388	0.263066
-0.807565	0	-2.80113	-0.743585	-1.13768	-1.30877
0.294626	-3.7629	-3.02676	2.74977	-3.16913	-1.66215
-3.74773	-4.77919	-1.75349	-0.0889282	-0.331579	-0.322342
-2.85899	0.267173	-0.129843	-3.90233	2.52476	0.480234
-0.269023	1.54904	-3.97635	0.169663	-1.94767	-2.8086
2.5548	2.64762	-3.85719	-2.54854	-4.60879	-1.18893
-3.31787	-7.8973	-0.802448	1.66222	-0.846899	0.037068
1.20108	-3.76862	-1.37383	1.16408	-3.42585	-1.12847
-3.52374	-5.18297	0.0727553	0.706679	2.01398	0
1.13493	1.45777	-2.323	-3.7082	-3.21624	-0.449805
0.271805	-0.650084	-3.71694	2.41718	-2.69694	-3.25785
-1.38876	-0.366696	-0.435231	-0.934436	2.00711	-0.599297
1.12022	1.83957	-4.58788	-2.36407	-5.09553	-1.76222
-4.51485	-6.67185	0.3392	0.346091	2.30031	0.90898
-2.93979	-4.37148	-0.609297	-1.4794	0.388357	1.02993
1.36018	-0.130348	-3.27567	-0.390874	-4.44022	-2.1474
0.963691	-1.08926	-2.42849	-0.16231	-2.91897	-1.17114
-3.65044	-0.432638	0.186839	-1.48594	4.33934	-0.554361
2.93297	-3.35647	0	2.43253	-2.19745	-1.2348
-3.59115	-5.21517	-0.169297	0.629998	1.62182	-0.120923
-1.57037	-4.86791	0.174712	-0.233071	-0.363853	0.0911705
1.41238	3.66568	-1.19934	-0.622401	1.48457	-1.89034
-0.814861	-0.815712	-2.1533	3.50315	1.33772	-2.94918
-0.348716	-0.92728	1.04222	0.744865	2.97595	-1.2032
-5.25432	-7.33288	0.504514	2.73652	3.49134	-0.562003
0.114708	-5.59135	-1.99729	4.00139	-3.87186	-2.99347
4.50606	14.3419	0.406999	-5.48698	4.33316	-3.61261
-2.10522	-8.66791	-0.42003	6.58785	1.24953	-1.18391
-1.30748	2.33449	-0.621844	0.250982	4.62961	-1.64407
-2.45688	1.07309	-0.724612	-1.46196	3.54558	-0.790338
4.18088	7.02101	-1.86042	-1.48499	-1.40087	-3.81416
0	-2.06295	-1.26675	-0.643803	-2.3051	-1.24696
-2.67451	-5.64813	0.765843	0	1.30713	0.613822
1.13636	1.87684	0.551478	9.68604	9.95811	-3.84818
1.38347	2.50006	-1.72168	3.11481	2.27213	-3.0886
2.60415	6.28696	-2.41988	2.83319	3.09277	-3.82191
-3.9305	-4.99797	-2.12505	4.44285	1.99933	-2.07689
-4.9576	-4.21131	-0.16544	4.18962	6.52093	-1.14796
-5.43646	-9.52335	0.392068	5.59793	4.19937	-0.500044
-0.98026	-1.19231	1.97753	2.36765	5.96314	-1.17084
-3.42032	-11.4127	-0.40707	7.67786	0.458734	-1.56376
-0.54034	0.957262	0	1.40117	4.2656	-1.52204
-5.42163	-7.73962	2.58136	5.36763	8.83783	0.298901
-1.80381	-1.21609	-2.05515	1.8477	1.24264	-2.08564
-4.99252	-4.47887	-0.277627	2.08404	4.59126	-0.670299
-0.505329	-2.67129	1.01436	6.62833	6.59643	-1.75641
-2.97896	-3.63337	-1.00494	2.42891	2.71931	-0.935891
-1.94152	-4.3271	-0.942276	1.83838	0.587225	-0.769759
6.10322	7.4624	0.0374293	6.29314	6.44692	-4.11762
-3.47194	-5.69044	1.27795	2.43237	4.97862	0.55917
-11.3047	-4.92651	-1.05282	-0.511516	8.28925	0.546753
0.428797	4.44716	0	2.86888	7.53883	-2.34472
0.402461	2.16124	-0.85001	0.503497	2.66286	-1.72588
-2.44493	-0.999376	-3.26641	2.68714	1.52892	-2.21798
0.658686	-0.85211	-1.8482	3.51883	0.525377	-2.53511
0.706959	0.629573	-1.98773	6.20597	3.38307	-3.65225
-3.77768	-3.47418	0.586562	1.20996	5.2487	0.201649
-4.40999	-3.70606	-2.67503	2.89839	1.67514	-2.12341
-3.5803	-6.16457	-1.16216	3.63824	2.02755	-0.761688
4.45011	7.95656	-2.9424	1.70763	0.694468	-4.3812
-7.33866	-5.51029	-0.391578	1.02772	5.59427	0.219603
0.950838	-9.13752	-1.65687	9.43805	-2.49628	-2.93299
-0.342726	-1.6817	-1.70492	0	-0.851176	-0.700274
-0.987852	-0.501039	-0.249457	1.28125	3.2115	-1.27418
2.06021	-2.05924	-0.22306	3.88324	0.59918	-1.80313
-1.68141	3.33351	0.430724	-1.64032	6.53597	-0.305831
2.01989	0	-0.435095	4.84163	2.98054	-2.32682
-0.761291	-5.20355	-0.648598	1.09724	-1.94882	-0.826085
2.01294	-4.08318	-3.08106	3.13838	-5.69535	-2.45421
-3.41238	-1.31732	-0.199144	1.10759	5.24164	-0.738223
1.41433	-4.64326	-0.58977	3.71901	-1.79204	-1.71405
0.890498	0	-0.345342	-2.11216	-0.75071	-0.371278
-0.919384	-5.23483	-0.866039	2.36339	-0.844708	-0.909184
3.02107	-1.29725	0.471705	0.414982	-2.2943	-1.74718
0.184965	-2.76531	4.6965	-4.16142	0.403569	-0.103506
-0.465737	-4.37155	4.65561	-3.3945	0.844469	0.586583
3.75757	-1.93922	2.56419	-3.74399	-4.38933	-0.425987
7.44649	2.71497	-0.639738	-5.1079	-9.61884	-2.02075
4.59051	8.89569	2.22969	-5.68975	0.440569	-3.49783
0.0470814	-2.76751	3.90845	-5.81019	-0.703191	1.0916
-3.07323	-5.33741	-0.410252	-0.999429	0.260457	1.05695
3.33328	-0.729328	2.74518	-6.21319	-3.35711	1.24868
0.902056	-3.14175	1.3728	-4.69565	-4.9909	-0.490329
2.72599	0.295458	2.82571	-8.1457	-4.19522	0.648755
3.77014	-2.72119	3.39842	-5.12642	-4.57762	0.749853
6.31175	1.74046	2.2725	-6.58492	-6.56823	-0.582571
1.47638	-2.38516	3.86117	-5.77501	-2.09891	0.750185
-0.453242	-8.45245	4.30115	-1.50212	-1.64858	0.721733
0	-3.17646	4.00671	-4.74141	-0.628191	0.358942
1.35534	-5.90489	4.02492	-4.37713	-3.58466	1.17865
-3.25048	-7.5037	5.46522	-3.18626	2.75777	1.86559
-1.59047	-7.49423	5.16596	-2.39611	1.23789	1.52004
7.48717	3.29613	1.4139	-1.69297	-4.04695	-2.47836
0.617697	-6.11294	2.4536	0.223379	-1.15027	0
7.21288	4.66209	-0.962271	-2.64819	-6.52122	-3.27528
0	-4.06969	4.0888	-3.01402	-0.0947671	0
1.73748	-2.9323	2.17558	-5.21015	-4.24541	0.615768
6.22173	2.69968	2.98053	-5.45818	-3.54144	-0.494927
2.51919	-1.28755	2.74507	-7.11796	-4.65599	0.62908
-0.973248	-7.71181	5.42082	-2.35937	0.665925	1.47215
-1.40626	-7.3634	2.8384	1.25942	1.41848	0.37964
0.345574	-1.59081	3.17942	-2.48479	1.36512	-0.353723
5.32067	4.67607	-0.234156	-9.02658	-7.8626	-0.854707
1.72242	-7.52449	2.05555	-0.374656	-5.13288	-0.396225
4.69111	0.137889	0.305465	-5.29856	-8.08244	-1.38734
-1.14427	-1.83383	-1.88442	1.9087	0.105607	-2.11732
-0.227263	-7.65528	1.61893	-1.5836	-4.54101	0.044481
1.34808	-3.50893	4.51579	-4.03511	-1.01758	0.468863
-0.167356	-6.8092	2.04516	-1.699	-3.2785	0.219495
0.73514	-6.4342	3.03015	-3.37439	-3.92063	0.762575
-0.85521	-5.87913	4.84904	-3.91443	-0.118138	1.10228
4.4381	-5.17077	-0.379198	0	-7.92458	-0.760433
-0.216289	-10.8801	0.610144	2.77699	-5.66647	-1.10586
-1.62932	-8.57575	4.94533	-2.80051	-0.460782	1.52136
0.452815	-7.63113	-0.281311	1.98378	-5.58402	-1.94501
-1.61195	-9.45562	4.28989	-1.51127	-0.72862	1.5308
3.3338	-5.08058	0.756935	-2.49606	-7.73214	-0.386428
7.013	2.51177	-1.04826	-1.98344	-6.69044	-2.03141
6.29608	0.675551	0.954386	-2.04404	-5.73618	-1.9199
2.53725	-4.66101	2.37893	-2.90409	-4.65885	0.194264
-2.6605	-11.1914	4.4609	-0.48098	0	1.7588
1.61529	-6.27083	3.74504	-2.76913	-2.81594	1.23873
3.92009	-5.19551	1.85121	-2.87669	-7.29908	0
-1.90706	-7.88607	2.6237	1.06771	0.484128	-0.0626453
-3.28179	-9.11547	5.18955	-1.8932	1.73913	1.43904
-3.02861	-5.52732	6.29429	-3.51794	4.02052	0.829537
-1.58347	-11.6245	4.25836	1.14718	-0.927787	0.934151
2.4155	-4.93195	0.641288	0.235924	-5.34752	-1.71018
0.647275	-9.45495	4.48931	-2.84912	-3.49794	2.15978
4.29522	0	2.23328	-5.5348	-5.21231	-0.548989
-1.35434	-8.29286	3.87227	-2.06505	-1.28724	1.01112
5.38297	1.2577	2.01121	-5.9226	-5.68967	-0.589904
-3.00529	-5.52617	5.67145	-1.91126	4.16531	0
4.51315	-1.27525	-0.770351	1.84815	-4.87801	-2.98968
4.004	9.76886	3.0411	-7.56047	1.39066	-2.92741
1.93941	-4.4213	3.07331	-2.63042	-2.69748	0.34579
-0.686217	-8.40356	5.71178	-0.854761	1.35519	1.3563
1.67939	-5.53331	4.09454	-3.849	-2.7155	1.38336
-1.93246	-10.2236	3.99957	-0.3414	-0.952959	0.879361
-0.584042	-6.73998	5.04664	-5.66407	-1.24783	2.70193
-2.11331	-6.59522	5.32049	-1.7121	2.93283	0.954256
-0.319074	-8.31295	3.22049	1.22542	-1.03784	-0.280305
-2.30038	-7.852	5.82124	-1.31808	3.39976	1.67014
0	-7.54353	3.01702	0.591758	-1.41109	-0.246343
-1.28442	-8.69839	4.095	-0.436113	-0.282865	0.692173
-1.77762	-12.1749	2.7403	2.64915	-2.12418	0.16374
0.203805	-13.3421	0.479717	6.79327	-5.47046	-1.83236
-1.4706	-6.24978	5.2343	-0.623982	2.95576	0.274999
2.52611	-7.14402	3.28194	5.18487	0.566413	-1.11949
-0.998867	-9.73915	7.16605	2.03107	4.65636	1.33535
-3.07428	-11.3614	5.49788	3.16975	3.59034	0.399226
3.35052	-2.61255	1.79468	0	-3.2847	-2.02712
-0.742789	-6.8626	4.91323	1.82828	2.75453	-0.725438
1.22223	-0.978783	3.93512	-4.26325	-0.0212462	-0.391104
3.7276	-2.62927	3.5458	-0.990953	-1.64784	-0.682206
6.27792	-1.56183	0.828804	-0.809748	-6.67352	-1.7359
-0.051562	-5.8516	4.1508	0.540645	1.40878	-0.388024
-1.08458	-5.07855	5.02095	-1.2326	3.21027	0.467383
-3.22163	-12.6803	2.43928	2.52744	-2.27207	-0.552149
0	-6.73752	6.00766	-0.227378	2.56894	0.616628
-0.932773	-6.31894	3.87073	-1.70108	0	0.344669
1.6244	-2.58515	4.59857	-1.62284	1.74735	0
-4.05643	-8.92738	1.41741	0.296947	-1.02857	-0.659094
-0.895466	-5.80986	1.84784	3.1735	2.4287	-0.568739
2.02384	-5.7485	3.69187	1.22616	-0.265049	-0.290157
-1.50783	-8.429	3.08825	-0.479184	-1.15446	0.339268
-1.05037	-5.69811	4.03002	-2.41756	1.04558	1.18718
6.18067	2.55127	-0.814469	-2.17931	-6.44291	-2.71736
0.676123	-7.42294	3.07077	-1.44947	-3.02917	0.605782
-0.648475	-5.4894	1.70404	-1.58611	-2.12348	-0.282736
-4.0816	-12.0182	4.06361	-0.0522221	0.114746	1.27487
0.360375	-9.71272	1.19395	0.660373	-5.70289	-0.242894
3.41254	-3.07663	2.09607	-0.780717	-3.0888	-0.806039
3.08945	-4.01527	4.07167	-2.14827	-1.95621	0.339242
2.41097	0.0595926	-0.0842245	5.19063	3.3865	-2.29632
2.50224	-0.249169	1.01483	0.45134	0	-1.57897
-1.39393	-6.72401	4.80875	-1.79337	1.4843	0.902526
0.880846	-2.67537	-0.112105	4.2593	1.73375	-1.78225
1.1455	-4.94415	2.91835	-4.2827	-4.05609	0.547912
5.5182	-0.543627	1.22252	-2.98857	-5.54309	-0.636142
1.84954	-4.40263	2.19763	-4.05044	-5.38509	-0.146713
2.58008	-0.895357	0.607932	8.28352	5.31334	-2.97904
7.6276	6.77272	1.3866	-4.78037	-4.12165	-2.83277
5.69853	-0.736665	1.20079	-2.31841	-6.42048	-1.76686
1.22828	-7.50128	4.50467	-1.2513	-2.04963	0.575658
0.838601	-7.86773	4.57432	-1.92569	-2.19673	1.02672
0.75728	-7.99794	3.35279	0	-2.57131	0
1.07282	-3.38088	4.22916	-1.76736	0.877044	-0.0610409
1.8055	-3.28135	3.7325	-1.21556	0	-0.353293
5.74929	0.486537	1.1202	0.107673	-3.3108	-2.19888
6.91499	5.65731	1.96125	-5.62181	-3.79514	-1.89703
4.76304	9.44377	2.56478	-4.86478	1.5458	-3.93525
0.958267	-4.54246	4.04126	-2.02601	-0.277903	0.293385
2.12412	-4.36615	4.01409	-2.28944	-1.76834	0.111308
6.0405	5.81294	1.46028	-0.466845	1.02859	-2.64701
4.37917	-0.105796	-0.199191	-1.7923	-5.56649	-1.98223
1.29957	0	4.41371	-7.14451	-0.573508	0.48368
4.87116	0.336766	2.6007	-4.08367	-4.26255	-1.16969
5.62147	1.41191	2.6177	-6.60385	-5.73759	-0.450601
2.07546	-4.13855	2.08639	-0.32985	-2.623	-1.06175
1.37312	-6.02979	3.6221	1.46832	0	-0.58213
2.24779	-2.73775	3.09408	-2.56012	-2.21755	-0.69076
2.02909	-6.20329	3.89656	-1.7674	-2.7678	0.461147
0.849228	-0.244106	3.66652	-1.59695	3.18365	-0.773166
0	-4.50487	5.02372	-2.21109	1.61991	0.379167
4.77494	0.468437	0.0526712	-3.11099	-6.75721	-2.2531
6.84214	4.21802	-0.515369	-1.25225	-4.90264	-3.42348
1.62311	-3.14075	3.58242	-4.10493	-2.30333	0.0594986
8.80498	15.9251	2.74906	-4.15962	4.37397	-4.48231
5.39225	0.626583	0.65595	0.529862	-3.43965	-2.7663
3.37473	-1.87868	1.24359	-2.30762	-4.37172	-0.894314
6.34025	2.29937	1.57981	-2.51913	-3.98204	-1.92836
3.33564	-2.63747	2.10604	-1.89012	-3.75466	-0.899619
1.96183	-4.4774	4.13747	0.377103	0.485212	-0.503942
1.96319	-6.11846	3.12543	1.71301	-1.02174	-0.65879
2.41227	-1.31768	4.80917	-3.13307	1.07345	0.168369
4.82303	-1.3804	-0.140833	4.04097	-2.47235	-3.02841
5.80173	2.06131	-0.291279	-3.77733	-7.33866	-2.37786
-1.32388	-5.76238	1.48552	-1.2165	-2.73154	-1.40644
2.31625	-3.30293	-2.24386	6.56581	-1.89033	-3.41033
4.86876	1.89439	2.40866	-1.37348	-0.747935	-1.76168
3.11036	-2.55902	2.13361	-2.82462	-3.88928	-0.395628
1.417	-2.92607	3.74676	-3.53537	-1.01131	0.215049
2.12868	-6.80716	-1.39436	6.25433	-4.25172	-2.92109
7.03017	1.73949	0.20328	-0.314855	-5.02964	-2.4975
2.89752	-4.63381	-0.0900447	0.306165	-6.21103	-1.72389
2.47281	-3.50175	2.77729	-1.20457	-1.98679	-0.469751
5.87583	1.53495	0.670463	-1.41854	-4.13153	-1.95157
2.73595	-5.10769	-0.581658	1.78976	-5.71657	-1.88361
4.25184	-3.60764	0.417968	5.24549	-1.96703	-2.62617
0.379676	-8.7165	3.73469	0.740919	-1.34898	0.445355
4.28949	-3.39206	2.93842	-1.29373	-3.38793	-0.226905
0.642449	-6.00714	2.71377	1.8225	0	-0.772529
1.34689	-7.76247	2.99355	1.56996	-2.4368	-0.72976
1.51435	-3.7817	4.52549	-0.678441	1.4574	-0.0332291
3.33689	-4.724	2.50753	-0.791665	-4.11396	-0.617
4.00233	-2.60705	0.944699	1.3998	-3.73109	-2.34201
3.75674	-4.48332	2.0849	0.363241	-3.87604	-0.95047
6.77565	5.17638	0.434049	0.642653	-1.38087	-3.82008
0.545495	-6.60312	2.93263	0.0725758	-1.50979	-0.234687
4.79919	-0.282544	2.06245	-3.27284	-4.24803	-0.849596
-0.368788	-4.82349	4.80452	-0.27883	3.00645	0
5.89804	0	1.31328	-1.35447	-4.57664	-1.51364
2.61299	-3.9644	4.39615	0.655308	1.10856	-0.298248
4.81293	-1.10238	2.13386	-2.97243	-4.50682	-0.658622
2.07103	0	2.16489	-0.0692024	1.18189	-1.68867
1.46964	-5.12256	2.52334	-0.165951	-2.12772	-0.685929
2.96423	3.2875	0	0	0.350271	-2.73688
1.78208	0.151157	-1.36497	0.282689	-2.53108	-2.59414
2.23396	-4.50613	0.127653	1.65684	-4.53963	-2.26464
1.05959	-3.4225	3.23685	1.59903	2.46145	-0.735583
-0.42534	-10.012	6.77182	2.1202	3.45572	1.28537
5.47276	-0.851179	3.39235	4.04765	2.06628	-2.00624
1.08097	-3.85072	3.84792	1.90406	2.41175	-1.26453
0.380322	-0.347176	5.07856	-1.40696	6.07872	0.18591
4.93372	3.53478	2.51105	-2.48599	-0.64306	-2.07652
8.77339	5.76187	0.772178	3.83661	1.42276	-3.0869
1.97401	-0.089273	4.63128	-6.32935	-0.560701	0.22636
-0.245016	-3.66335	2.83927	-0.269421	0.861857	-1.23235
0.536689	-5.8471	5.95492	-2.58411	0.948508	1.05039
3.06845	-2.7322	1.79372	-0.537667	-3.12754	-1.47223
-2.96372	-6.72732	1.19608	-0.269374	-0.398994	-0.370216
-0.653346	-3.2017	2.75976	-1.90541	0.923071	-0.299421
4.01218	-1.7279	0.79916	0.543707	-3.25937	-1.77188
1.51137	-2.56275	0.173118	2.89038	-0.735075	-2.59514
2.27538	-2.99651	3.32835	0	0.423019	-0.566804
6.06961	2.10694	-1.14756	-0.89426	-6.07233	-2.94474
-3.64242	-9.03996	0.090399	2.53808	-1.50288	-1.46976
-1.49991	-8.11569	2.13861	0.862629	-1.25914	-0.478115
1.39375	-4.67938	1.65504	-1.58136	-3.72383	-0.55932
5.12566	0.668926	2.10226	-1.16951	-2.08892	-1.49841
3.25849	-2.69151	1.64115	-0.295312	-3.15538	-1.43775
5.01884	1.1506	2.62523	-2.4929	-2.29771	-1.48545
-1.57363	3.09962	1.67072	-4.74112	4.41812	-0.20576
0.830491	-5.44221	4.58585	-0.782111	0.598674	0.15958
6.15179	0.506572	1.17891	-4.34714	-7.23766	-1.3245
9.03533	10.7846	1.36	-4.15296	-1.3537	-3.25018
4.96727	1.15103	0.824894	-4.46008	-6.143	-1.6432
-0.809756	-8.40003	4.66243	-0.535175	-0.125855	0.472181
8.13371	6.92773	0.5122	-2.92158	-4.06037	-3.36957
4.98989	-1.01003	0.716867	1.23476	-3.90482	-2.75269
5.27663	3.74505	1.5837	3.5752	3.82404	-2.67252
5.83918	2.21265	1.75385	1.62829	0.183123	-2.44077
3.53114	3.45191	-1.41083	3.99736	2.49062	-2.89585
4.93226	4.00513	-1.43287	6.87305	3.84554	-3.47254
4.84708	11.2726	-2.71528	6.14807	7.38779	-5.30238
4.71098	10.3307	0.509916	5.79482	11.0958	-3.78477
7.79273	12.8401	-0.422884	6.08943	8.90872	-4.66743
2.77052	7.078	0	8.58159	11.3667	-4.45004
3.43904	0.747173	-0.414652	5.6893	2.7796	-2.66715
2.57704	0.532827	-1.1133	6.51025	4.49386	-1.73021
6.32154	5.92497	-1.84309	8.69302	5.16211	-4.08265
6.30433	8.52751	-0.874039	9.50046	8.78722	-4.91359
3.56457	6.28037	-0.047639	7.5772	8.58137	-4.58219
4.89475	4.16539	-1.95082	10.4894	5.2996	-5.30851
6.33022	10.038	0.533043	11.5433	14.3388	-4.31101
3.65795	7.98941	-4.37443	5.94428	2.58767	-6.05347
5.32993	5.60561	-2.25825	9.63086	4.95735	-5.50287
3.22759	3.71575	-2.08229	3.9044	2.0889	-3.11478
7.7919	17.091	-0.520554	4.35043	10.6611	-5.44522
3.24031	0	0	10.7624	7.08628	-3.26324
1.26295	0.60562	-1.41807	9.77893	6.91657	-3.58402
4.72075	7.6647	-0.948828	12.0522	11.9177	-4.95461
3.65776	0.668061	-1.04522	11.3108	6.09783	-3.94457
3.54128	7.94351	-0.881591	4.30556	7.67678	-2.98193
0	1.31623	-4.57407	6.68992	1.9727	-4.26123
3.69456	2.9171	-1.09134	10.6651	6.87886	-4.72209
4.83129	9.2666	-3.10162	7.23228	5.63319	-5.637
-0.812428	-3.80131	-2.93265	5.20269	-0.409663	-2.48139
3.88716	5.8885	0	8.87399	10.4265	-3.31776
-0.281958	-5.20615	-4.16647	12.46	1.51876	-4.56153
5.7745	8.19891	-1.10579	8.91691	7.98805	-5.01808
6.97041	11.0668	0.632755	10.7408	13.6585	-4.67657
4.67861	5.51856	-2.34195	10.4603	6.95121	-4.78848
3.19273	0.821056	-1.02326	12.3743	7.38071	-4.33387
3.78222	2.11159	0.291037	13.8172	10.9583	-4.32625
4.56388	1.34403	-0.581591	12.8336	7.54845	-4.28467
2.83269	-1.26633	-0.871952	7.95372	3.10989	-2.70903
1.86857	3.61071	-1.45922	8.40607	7.48085	-4.10045
0.671616	0	-0.804619	10.3642	7.93944	-3.79538
3.10915	3.51062	-2.4837	5.09088	2.20291	-3.63481
5.32398	7.41715	0.361172	10.2226	11.6712	-3.85298
4.63494	3.3849	-0.0370347	11.2791	8.62081	-4.22554
10.3414	15.4419	0.268513	6.89135	10.8816	-4.17996
4.09594	1.94859	1.07262	12.7771	10.7529	-3.7707
3.0333	-1.1726	-0.585511	14.0414	7.38857	-4.6206
4.64696	4.40078	0	9.68845	8.56195	-3.75107
2.76846	4.59689	-2.13233	9.67451	7.1375	-5.03784
2.12923	0.514346	-1.65313	11.2749	6.18148	-4.56471
0.574634	-0.66639	-2.06463	8.89864	4.49646	-3.82012
2.92371	-2.70707	-2.45093	13.2242	3.49447	-4.39638
5.33686	3.19747	-2.18965	11.1235	4.94532	-4.5403
5.10024	10.9701	0.0689088	8.46908	12.2907	-4.84688
3.79798	-0.810113	0.516563	12.8848	8.08756	-3.49251
-3.15483	-5.07997	-0.19358	6.64511	5.58748	-1.78497
4.3759	7.41301	-1.08912	7.86105	7.98375	-4.77621
-1.8049	-2.62282	-0.989332	8.40735	6.77754	-2.6582
0.678784	-3.02069	0	11.5205	7.61496	-3.04497
6.03674	11.3741	-1.17379	7.55561	9.28494	-5.11584
7.11609	15.0609	0	9.88425	14.8163	-5.84916
0.0568084	-1.44053	-2.50262	13.6889	7.08896	-5.35305
4.75011	11.2244	-0.378307	9.44698	12.8591	-5.59322
5.67632	7.32954	-0.876364	6.61014	7.15825	-3.06163
4.59439	5.1058	0.562738	12.3219	12.1789	-4.07412
-0.885777	-3.66169	-4.40745	11.9652	2.44872	-5.10523
3.47992	4.55267	-2.0265	10.2209	6.84103	-5.18356
3.81268	1.13426	-1.48164	14.1644	8.15296	-4.61329
1.61263	2.14928	-0.761395	8.33728	7.45232	-3.4994
1.69504	-3.34737	-0.544615	10.6847	5.64426	-2.27843
6.92766	7.51232	-0.879361	9.18254	7.68673	-4.01424
2.13358	-3.151	-0.960209	11.5145	4.84793	-3.20602
5.82159	7.89638	-1.79009	9.80662	7.51334	-5.38325
4.55945	2.67281	-2.29266	12.3127	6.21475	-4.61319
3.71325	6.1387	-0.765487	6.96439	7.11225	-4.39547
2.82461	1.59727	-0.734884	3.423	1.69305	-2.7012
7.03568	3.80765	0.229422	6.51793	2.68426	-3.71987
4.37718	0.980072	-0.68593	8.12681	3.21829	-3.68388
6.7578	3.50322	-1.20434	5.73148	0	-4.18209
6.61462	11.5643	-1.90465	-0.857458	1.4408	-3.6768
0	0	-3.65671	3.62863	-1.00517	-3.84228
5.46842	10.04	-1.4941	3.73614	4.16501	-5.59564
0.270436	6.40857	0.0246866	-1.65092	4.26607	-3.29531
-3.26222	3.97141	-0.0687036	0.444214	8.53201	-2.11391
3.58646	3.3626	-0.764505	3.67165	2.62409	-2.95709
3.70998	0.67989	-0.848795	9.40436	3.67195	-4.71509
-1.27066	0.356939	-1.12223	1.58756	2.56941	-2.4676
8.3291	7.32357	-0.718121	6.9504	4.13403	-3.9268
6.22275	7.34931	-0.0982534	1.42621	1.40781	-3.97252
2.55956	0.502834	-1.0087	2.46475	-0.147994	-2.49149
1.31172	2.38932	-0.541107	2.66687	3.33403	-2.85689
2.1582	1.2467	-0.966678	2.90767	1.46682	-2.50971
5.38116	7.4941	0	9.58581	9.4904	-5.04663
0	1.9181	-3.68093	2.40301	0	-3.50899
2.91739	4.27006	-1.6727	1.05248	0.879437	-2.78474
-0.967136	4.72638	-0.755229	-1.05669	4.64223	-2.25136
2.49116	0.866008	-3.13935	3.69182	-2.81656	-4.51642
-1.15167	-0.264832	-0.880651	2.7114	3.83349	-1.81893
2.84474	4.06256	-2.78939	0.0799628	-1.65138	-3.10051
3.50181	-0.401644	-1.02523	5.97529	0.766142	-3.1698
-0.384264	-3.0207	-0.527915	5.4758	2.55225	-2.66281
6.4688	2.50478	-0.726645	1.95172	-3.21664	-3.34158
-1.07706	0.143064	-1.05896	3.83001	4.31194	-2.60458
1.34049	-0.696093	-1.64512	7.79008	3.25036	-3.73119
3.28466	-2.06173	-1.42967	5.91159	-1.82834	-3.76137
1.45879	1.9302	-1.71376	3.63491	2.17848	-3.1351
-0.621816	-2.72557	-1.3098	5.30278	2.03892	-2.74593
4.03718	5.3404	-1.45158	0.859125	1.24778	-2.41862
4.43946	5.39336	-1.58492	-0.426518	-0.562219	-2.50256
-2.86028	1.56899	-0.224386	4.02441	9.15774	-2.0113
5.17346	4.37882	-0.675453	10.1571	6.88438	-4.67581
-0.570134	3.63269	-3.16345	0.643912	1.3789	-3.10306
2.09559	1.66922	-2.99754	6.9915	1.47613	-4.8531
2.44048	2.8223	-0.338414	9.63681	8.25127	-4.31072
1.88814	-2.23841	-2.56709	7.87564	-0.178552	-4.06178
4.77648	1.65532	-1.0589	9.754	3.70357	-4.57771
5.34136	7.80901	-3.34626	3.41794	0.786692	-4.54492
2.9275	3.70864	-1.95077	6.52193	3.33985	-4.76775
0.289559	3.1891	0.406289	7.48363	11.2229	-2.47759
-1.5486	-3.68238	2.39584	7.60931	9.13505	-1.70733
2.26162	1.55634	1.53435	6.57952	7.37944	-3.03153
-3.21213	0.257123	-0.0302978	0.448262	4.45568	-2.40521
1.92318	5.14005	-1.75379	1.74737	3.6364	-2.43845
2.11048	4.64129	0.851444	3.44406	7.4524	-2.41917
1.60805	1.69383	-0.12114	6.99686	6.5692	-3.3441
-1.19377	-0.672032	-1.88913	8.00114	5.65063	-3.86928
0.943206	2.67784	-0.923687	3.49959	4.17339	-3.10785
4.16454	3.72949	-0.377726	10.6901	8.69756	-4.09683
-3.48179	-2.64311	-2.87497	5.57319	3.59869	-2.78134
0	-0.771264	2.80294	-3.59494	1.04617	-0.358782
5.86343	3.60038	-1.08579	10.9728	7.24348	-3.21999
-1.8233	-1.1292	-2.74111	5.37392	3.12206	-3.15882
0.337826	0.0390426	-2.31707	5.35702	2.13423	-3.53824
3.65001	0.22992	-2.6796	7.58391	-0.0141594	-4.34218
1.4283	0.234031	-2.14019	7.65323	3.17391	-4.03054
6.33528	8.61104	-0.886304	3.63215	3.01572	-4.86292
